# JRE version: OpenJDK Runtime Environment (8.0_152-b01) (build 1.8.0_152-release-1343-b01)
# Java VM: OpenJDK 64-Bit Server VM (25.152-b01 mixed mode windows-amd64 compressed oops)
Heap:
 PSYoungGen      total 494080K, used 29373K [0x00000000e0000000, 0x0000000100000000, 0x0000000100000000)
  eden space 463872K, 5% used [0x00000000e0000000,0x00000000e174bae0,0x00000000fc500000)
  from space 30208K, 18% used [0x00000000fc500000,0x00000000fca63a38,0x00000000fe280000)
  to   space 29184K, 0% used [0x00000000fe380000,0x00000000fe380000,0x0000000100000000)
 ParOldGen       total 124416K, used 56735K [0x00000000a0000000, 0x00000000a7980000, 0x00000000e0000000)
  object space 124416K, 45% used [0x00000000a0000000,0x00000000a3767f50,0x00000000a7980000)
 Metaspace       used 98963K, capacity 103586K, committed 103768K, reserved 1140736K
  class space    used 12240K, capacity 13177K, committed 13184K, reserved 1048576K
GC Heap History (10 events):
Event: 930.762 GC heap before
{Heap before GC invocations=37 (full 4):
 PSYoungGen      total 497152K, used 474404K [0x00000000e0000000, 0x00000000fff00000, 0x0000000100000000)
  eden space 472064K, 100% used [0x00000000e0000000,0x00000000fcd00000,0x00000000fcd00000)
  from space 25088K, 9% used [0x00000000fe680000,0x00000000fe8c93f0,0x00000000fff00000)
  to   space 25600K, 0% used [0x00000000fcd00000,0x00000000fcd00000,0x00000000fe600000)
 ParOldGen       total 124416K, used 56274K [0x00000000a0000000, 0x00000000a7980000, 0x00000000e0000000)
  object space 124416K, 45% used [0x00000000a0000000,0x00000000a36f49c0,0x00000000a7980000)
 Metaspace       used 95966K, capacity 100110K, committed 100312K, reserved 1136640K
  class space    used 11936K, capacity 12789K, committed 12800K, reserved 1048576K
Event: 930.772 GC heap after
Heap after GC invocations=37 (full 4):
 PSYoungGen      total 497664K, used 2548K [0x00000000e0000000, 0x00000000fff80000, 0x0000000100000000)
  eden space 472064K, 0% used [0x00000000e0000000,0x00000000e0000000,0x00000000fcd00000)
  from space 25600K, 9% used [0x00000000fcd00000,0x00000000fcf7d0e8,0x00000000fe600000)
  to   space 25088K, 0% used [0x00000000fe700000,0x00000000fe700000,0x00000000fff80000)
 ParOldGen       total 124416K, used 56639K [0x00000000a0000000, 0x00000000a7980000, 0x00000000e0000000)
  object space 124416K, 45% used [0x00000000a0000000,0x00000000a374ffe8,0x00000000a7980000)
 Metaspace       used 95966K, capacity 100110K, committed 100312K, reserved 1136640K
  class space    used 11936K, capacity 12789K, committed 12800K, reserved 1048576K
}
Event: 940.554 GC heap before
{Heap before GC invocations=38 (full 4):
 PSYoungGen      total 497664K, used 474612K [0x00000000e0000000, 0x00000000fff80000, 0x0000000100000000)
  eden space 472064K, 100% used [0x00000000e0000000,0x00000000fcd00000,0x00000000fcd00000)
  from space 25600K, 9% used [0x00000000fcd00000,0x00000000fcf7d0e8,0x00000000fe600000)
  to   space 25088K, 0% used [0x00000000fe700000,0x00000000fe700000,0x00000000fff80000)
 ParOldGen       total 124416K, used 56639K [0x00000000a0000000, 0x00000000a7980000, 0x00000000e0000000)
  object space 124416K, 45% used [0x00000000a0000000,0x00000000a374ffe8,0x00000000a7980000)
 Metaspace       used 96083K, capacity 100240K, committed 100312K, reserved 1136640K
  class space    used 11950K, capacity 12800K, committed 12800K, reserved 1048576K
Event: 940.608 GC heap after
Heap after GC invocations=38 (full 4):
 PSYoungGen      total 496640K, used 5624K [0x00000000e0000000, 0x00000000ffd80000, 0x0000000100000000)
  eden space 473600K, 0% used [0x00000000e0000000,0x00000000e0000000,0x00000000fce80000)
  from space 23040K, 24% used [0x00000000fe700000,0x00000000fec7e318,0x00000000ffd80000)
  to   space 24064K, 0% used [0x00000000fce80000,0x00000000fce80000,0x00000000fe600000)
 ParOldGen       total 124416K, used 56711K [0x00000000a0000000, 0x00000000a7980000, 0x00000000e0000000)
  object space 124416K, 45% used [0x00000000a0000000,0x00000000a3761f50,0x00000000a7980000)
 Metaspace       used 96083K, capacity 100240K, committed 100312K, reserved 1136640K
  class space    used 11950K, capacity 12800K, committed 12800K, reserved 1048576K
}
Event: 965.340 GC heap before
{Heap before GC invocations=39 (full 4):
 PSYoungGen      total 496640K, used 479224K [0x00000000e0000000, 0x00000000ffd80000, 0x0000000100000000)
  eden space 473600K, 100% used [0x00000000e0000000,0x00000000fce80000,0x00000000fce80000)
  from space 23040K, 24% used [0x00000000fe700000,0x00000000fec7e318,0x00000000ffd80000)
  to   space 24064K, 0% used [0x00000000fce80000,0x00000000fce80000,0x00000000fe600000)
 ParOldGen       total 124416K, used 56711K [0x00000000a0000000, 0x00000000a7980000, 0x00000000e0000000)
  object space 124416K, 45% used [0x00000000a0000000,0x00000000a3761f50,0x00000000a7980000)
 Metaspace       used 96823K, capacity 101068K, committed 101208K, reserved 1138688K
  class space    used 12005K, capacity 12924K, committed 12928K, reserved 1048576K
Event: 965.389 GC heap after
Heap after GC invocations=39 (full 4):
 PSYoungGen      total 494080K, used 20189K [0x00000000e0000000, 0x0000000100000000, 0x0000000100000000)
  eden space 473600K, 0% used [0x00000000e0000000,0x00000000e0000000,0x00000000fce80000)
  from space 20480K, 98% used [0x00000000fce80000,0x00000000fe237610,0x00000000fe280000)
  to   space 27136K, 0% used [0x00000000fe580000,0x00000000fe580000,0x0000000100000000)
 ParOldGen       total 124416K, used 56719K [0x00000000a0000000, 0x00000000a7980000, 0x00000000e0000000)
  object space 124416K, 45% used [0x00000000a0000000,0x00000000a3763f50,0x00000000a7980000)
 Metaspace       used 96823K, capacity 101068K, committed 101208K, reserved 1138688K
  class space    used 12005K, capacity 12924K, committed 12928K, reserved 1048576K
}
Event: 981.597 GC heap before
{Heap before GC invocations=40 (full 4):
 PSYoungGen      total 494080K, used 493178K [0x00000000e0000000, 0x0000000100000000, 0x0000000100000000)
  eden space 473600K, 99% used [0x00000000e0000000,0x00000000fcde7590,0x00000000fce80000)
  from space 20480K, 98% used [0x00000000fce80000,0x00000000fe237610,0x00000000fe280000)
  to   space 27136K, 0% used [0x00000000fe580000,0x00000000fe580000,0x0000000100000000)
 ParOldGen       total 124416K, used 56719K [0x00000000a0000000, 0x00000000a7980000, 0x00000000e0000000)
  object space 124416K, 45% used [0x00000000a0000000,0x00000000a3763f50,0x00000000a7980000)
 Metaspace       used 97670K, capacity 101914K, committed 102104K, reserved 1138688K
  class space    used 12099K, capacity 13003K, committed 13056K, reserved 1048576K
Event: 981.638 GC heap after
Heap after GC invocations=40 (full 4):
 PSYoungGen      total 491008K, used 23048K [0x00000000e0000000, 0x0000000100000000, 0x0000000100000000)
  eden space 463872K, 0% used [0x00000000e0000000,0x00000000e0000000,0x00000000fc500000)
  from space 27136K, 84% used [0x00000000fe580000,0x00000000ffc02090,0x0000000100000000)
  to   space 30208K, 0% used [0x00000000fc500000,0x00000000fc500000,0x00000000fe280000)
 ParOldGen       total 124416K, used 56727K [0x00000000a0000000, 0x00000000a7980000, 0x00000000e0000000)
  object space 124416K, 45% used [0x00000000a0000000,0x00000000a3765f50,0x00000000a7980000)
 Metaspace       used 97670K, capacity 101914K, committed 102104K, reserved 1138688K
  class space    used 12099K, capacity 13003K, committed 13056K, reserved 1048576K
}
Event: 1623.002 GC heap before
{Heap before GC invocations=41 (full 4):
 PSYoungGen      total 491008K, used 486920K [0x00000000e0000000, 0x0000000100000000, 0x0000000100000000)
  eden space 463872K, 100% used [0x00000000e0000000,0x00000000fc500000,0x00000000fc500000)
  from space 27136K, 84% used [0x00000000fe580000,0x00000000ffc02090,0x0000000100000000)
  to   space 30208K, 0% used [0x00000000fc500000,0x00000000fc500000,0x00000000fe280000)
 ParOldGen       total 124416K, used 56727K [0x00000000a0000000, 0x00000000a7980000, 0x00000000e0000000)
  object space 124416K, 45% used [0x00000000a0000000,0x00000000a3765f50,0x00000000a7980000)
 Metaspace       used 98931K, capacity 103516K, committed 103768K, reserved 1140736K
  class space    used 12239K, capacity 13176K, committed 13184K, reserved 1048576K
Event: 1623.016 GC heap after
Heap after GC invocations=41 (full 4):
 PSYoungGen      total 494080K, used 5518K [0x00000000e0000000, 0x0000000100000000, 0x0000000100000000)
  eden space 463872K, 0% used [0x00000000e0000000,0x00000000e0000000,0x00000000fc500000)
  from space 30208K, 18% used [0x00000000fc500000,0x00000000fca63a38,0x00000000fe280000)
  to   space 29184K, 0% used [0x00000000fe380000,0x00000000fe380000,0x0000000100000000)
 ParOldGen       total 124416K, used 56735K [0x00000000a0000000, 0x00000000a7980000, 0x00000000e0000000)
  object space 124416K, 45% used [0x00000000a0000000,0x00000000a3767f50,0x00000000a7980000)
 Metaspace       used 98931K, capacity 103516K, committed 103768K, reserved 1140736K
  class space    used 12239K, capacity 13176K, committed 13184K, reserved 1048576K
}

