# JRE version: OpenJDK Runtime Environment (8.0_152-b01) (build 1.8.0_152-release-1343-b01)
# Java VM: OpenJDK 64-Bit Server VM (25.152-b01 mixed mode windows-amd64 compressed oops)
Heap:
 PSYoungGen      total 274432K, used 209180K [0x00000000e0000000, 0x00000000f4b80000, 0x0000000100000000)
  eden space 233472K, 85% used [0x00000000e0000000,0x00000000ec3080c8,0x00000000ee400000)
  from space 40960K, 23% used [0x00000000ee400000,0x00000000eed3f270,0x00000000f0c00000)
  to   space 39424K, 0% used [0x00000000f2500000,0x00000000f2500000,0x00000000f4b80000)
 ParOldGen       total 98816K, used 45771K [0x00000000a0000000, 0x00000000a6080000, 0x00000000e0000000)
  object space 98816K, 46% used [0x00000000a0000000,0x00000000a2cb2fd8,0x00000000a6080000)
 Metaspace       used 82931K, capacity 86110K, committed 86400K, reserved 1124352K
  class space    used 10636K, capacity 11323K, committed 11392K, reserved 1048576K
GC Heap History (10 events):
Event: 151.140 GC heap before
{Heap before GC invocations=23 (full 6):
 PSYoungGen      total 228864K, used 201311K [0x00000000e0000000, 0x00000000f3300000, 0x0000000100000000)
  eden space 202240K, 99% used [0x00000000e0000000,0x00000000ec497f80,0x00000000ec580000)
  from space 26624K, 0% used [0x00000000ec580000,0x00000000ec580000,0x00000000edf80000)
  to   space 42496K, 0% used [0x00000000f0980000,0x00000000f0980000,0x00000000f3300000)
 ParOldGen       total 98816K, used 89330K [0x00000000a0000000, 0x00000000a6080000, 0x00000000e0000000)
  object space 98816K, 90% used [0x00000000a0000000,0x00000000a573c998,0x00000000a6080000)
 Metaspace       used 77134K, capacity 79704K, committed 79872K, reserved 1118208K
  class space    used 10058K, capacity 10670K, committed 10752K, reserved 1048576K
Event: 151.333 GC heap after
Heap after GC invocations=23 (full 6):
 PSYoungGen      total 228864K, used 0K [0x00000000e0000000, 0x00000000f3300000, 0x0000000100000000)
  eden space 202240K, 0% used [0x00000000e0000000,0x00000000e0000000,0x00000000ec580000)
  from space 26624K, 0% used [0x00000000ec580000,0x00000000ec580000,0x00000000edf80000)
  to   space 42496K, 0% used [0x00000000f0980000,0x00000000f0980000,0x00000000f3300000)
 ParOldGen       total 98816K, used 45739K [0x00000000a0000000, 0x00000000a6080000, 0x00000000e0000000)
  object space 98816K, 46% used [0x00000000a0000000,0x00000000a2caafd8,0x00000000a6080000)
 Metaspace       used 77134K, capacity 79704K, committed 79872K, reserved 1118208K
  class space    used 10058K, capacity 10670K, committed 10752K, reserved 1048576K
}
Event: 168.447 GC heap before
{Heap before GC invocations=24 (full 6):
 PSYoungGen      total 228864K, used 202239K [0x00000000e0000000, 0x00000000f3300000, 0x0000000100000000)
  eden space 202240K, 99% used [0x00000000e0000000,0x00000000ec57fec8,0x00000000ec580000)
  from space 26624K, 0% used [0x00000000ec580000,0x00000000ec580000,0x00000000edf80000)
  to   space 42496K, 0% used [0x00000000f0980000,0x00000000f0980000,0x00000000f3300000)
 ParOldGen       total 98816K, used 45739K [0x00000000a0000000, 0x00000000a6080000, 0x00000000e0000000)
  object space 98816K, 46% used [0x00000000a0000000,0x00000000a2caafd8,0x00000000a6080000)
 Metaspace       used 77787K, capacity 80466K, committed 80640K, reserved 1120256K
  class space    used 10148K, capacity 10751K, committed 10752K, reserved 1048576K
Event: 168.481 GC heap after
Heap after GC invocations=24 (full 6):
 PSYoungGen      total 246272K, used 26230K [0x00000000e0000000, 0x00000000f2800000, 0x0000000100000000)
  eden space 215040K, 0% used [0x00000000e0000000,0x00000000e0000000,0x00000000ed200000)
  from space 31232K, 83% used [0x00000000f0980000,0x00000000f231dbc0,0x00000000f2800000)
  to   space 44032K, 0% used [0x00000000ed200000,0x00000000ed200000,0x00000000efd00000)
 ParOldGen       total 98816K, used 45747K [0x00000000a0000000, 0x00000000a6080000, 0x00000000e0000000)
  object space 98816K, 46% used [0x00000000a0000000,0x00000000a2cacfd8,0x00000000a6080000)
 Metaspace       used 77787K, capacity 80466K, committed 80640K, reserved 1120256K
  class space    used 10148K, capacity 10751K, committed 10752K, reserved 1048576K
}
Event: 168.802 GC heap before
{Heap before GC invocations=25 (full 6):
 PSYoungGen      total 246272K, used 240707K [0x00000000e0000000, 0x00000000f2800000, 0x0000000100000000)
  eden space 215040K, 99% used [0x00000000e0000000,0x00000000ed173160,0x00000000ed200000)
  from space 31232K, 83% used [0x00000000f0980000,0x00000000f231dbc0,0x00000000f2800000)
  to   space 44032K, 0% used [0x00000000ed200000,0x00000000ed200000,0x00000000efd00000)
 ParOldGen       total 98816K, used 45747K [0x00000000a0000000, 0x00000000a6080000, 0x00000000e0000000)
  object space 98816K, 46% used [0x00000000a0000000,0x00000000a2cacfd8,0x00000000a6080000)
 Metaspace       used 77962K, capacity 80726K, committed 81024K, reserved 1120256K
  class space    used 10178K, capacity 10791K, committed 10880K, reserved 1048576K
Event: 168.810 GC heap after
Heap after GC invocations=25 (full 6):
 PSYoungGen      total 259072K, used 13993K [0x00000000e0000000, 0x00000000f3480000, 0x0000000100000000)
  eden space 215040K, 0% used [0x00000000e0000000,0x00000000e0000000,0x00000000ed200000)
  from space 44032K, 31% used [0x00000000ed200000,0x00000000edfaa4a0,0x00000000efd00000)
  to   space 41472K, 0% used [0x00000000f0c00000,0x00000000f0c00000,0x00000000f3480000)
 ParOldGen       total 98816K, used 45755K [0x00000000a0000000, 0x00000000a6080000, 0x00000000e0000000)
  object space 98816K, 46% used [0x00000000a0000000,0x00000000a2caefd8,0x00000000a6080000)
 Metaspace       used 77962K, capacity 80726K, committed 81024K, reserved 1120256K
  class space    used 10178K, capacity 10791K, committed 10880K, reserved 1048576K
}
Event: 168.882 GC heap before
{Heap before GC invocations=26 (full 6):
 PSYoungGen      total 259072K, used 228381K [0x00000000e0000000, 0x00000000f3480000, 0x0000000100000000)
  eden space 215040K, 99% used [0x00000000e0000000,0x00000000ed15d178,0x00000000ed200000)
  from space 44032K, 31% used [0x00000000ed200000,0x00000000edfaa4a0,0x00000000efd00000)
  to   space 41472K, 0% used [0x00000000f0c00000,0x00000000f0c00000,0x00000000f3480000)
 ParOldGen       total 98816K, used 45755K [0x00000000a0000000, 0x00000000a6080000, 0x00000000e0000000)
  object space 98816K, 46% used [0x00000000a0000000,0x00000000a2caefd8,0x00000000a6080000)
 Metaspace       used 77969K, capacity 80726K, committed 81024K, reserved 1120256K
  class space    used 10178K, capacity 10791K, committed 10880K, reserved 1048576K
Event: 168.887 GC heap after
Heap after GC invocations=26 (full 6):
 PSYoungGen      total 274944K, used 6755K [0x00000000e0000000, 0x00000000f3f80000, 0x0000000100000000)
  eden space 233472K, 0% used [0x00000000e0000000,0x00000000e0000000,0x00000000ee400000)
  from space 41472K, 16% used [0x00000000f0c00000,0x00000000f1298e20,0x00000000f3480000)
  to   space 40960K, 0% used [0x00000000ee400000,0x00000000ee400000,0x00000000f0c00000)
 ParOldGen       total 98816K, used 45763K [0x00000000a0000000, 0x00000000a6080000, 0x00000000e0000000)
  object space 98816K, 46% used [0x00000000a0000000,0x00000000a2cb0fd8,0x00000000a6080000)
 Metaspace       used 77969K, capacity 80726K, committed 81024K, reserved 1120256K
  class space    used 10178K, capacity 10791K, committed 10880K, reserved 1048576K
}
Event: 248.984 GC heap before
{Heap before GC invocations=27 (full 6):
 PSYoungGen      total 274944K, used 240227K [0x00000000e0000000, 0x00000000f3f80000, 0x0000000100000000)
  eden space 233472K, 100% used [0x00000000e0000000,0x00000000ee400000,0x00000000ee400000)
  from space 41472K, 16% used [0x00000000f0c00000,0x00000000f1298e20,0x00000000f3480000)
  to   space 40960K, 0% used [0x00000000ee400000,0x00000000ee400000,0x00000000f0c00000)
 ParOldGen       total 98816K, used 45763K [0x00000000a0000000, 0x00000000a6080000, 0x00000000e0000000)
  object space 98816K, 46% used [0x00000000a0000000,0x00000000a2cb0fd8,0x00000000a6080000)
 Metaspace       used 81391K, capacity 84386K, committed 84608K, reserved 1122304K
  class space    used 10427K, capacity 11107K, committed 11136K, reserved 1048576K
Event: 249.047 GC heap after
Heap after GC invocations=27 (full 6):
 PSYoungGen      total 274432K, used 9468K [0x00000000e0000000, 0x00000000f4b80000, 0x0000000100000000)
  eden space 233472K, 0% used [0x00000000e0000000,0x00000000e0000000,0x00000000ee400000)
  from space 40960K, 23% used [0x00000000ee400000,0x00000000eed3f270,0x00000000f0c00000)
  to   space 39424K, 0% used [0x00000000f2500000,0x00000000f2500000,0x00000000f4b80000)
 ParOldGen       total 98816K, used 45771K [0x00000000a0000000, 0x00000000a6080000, 0x00000000e0000000)
  object space 98816K, 46% used [0x00000000a0000000,0x00000000a2cb2fd8,0x00000000a6080000)
 Metaspace       used 81391K, capacity 84386K, committed 84608K, reserved 1122304K
  class space    used 10427K, capacity 11107K, committed 11136K, reserved 1048576K
}

