# JRE version: OpenJDK Runtime Environment (8.0_152-b01) (build 1.8.0_152-release-1343-b01)
# Java VM: OpenJDK 64-Bit Server VM (25.152-b01 mixed mode windows-amd64 compressed oops)
Heap:
 PSYoungGen      total 241664K, used 135056K [0x00000000e0000000, 0x00000000f0700000, 0x0000000100000000)
  eden space 225792K, 52% used [0x00000000e0000000,0x00000000e746bf78,0x00000000edc80000)
  from space 15872K, 99% used [0x00000000ef780000,0x00000000f06f8440,0x00000000f0700000)
  to   space 18432K, 0% used [0x00000000ee300000,0x00000000ee300000,0x00000000ef500000)
 ParOldGen       total 83968K, used 39756K [0x00000000a0000000, 0x00000000a5200000, 0x00000000e0000000)
  object space 83968K, 47% used [0x00000000a0000000,0x00000000a26d31d0,0x00000000a5200000)
 Metaspace       used 64985K, capacity 66746K, committed 67072K, reserved 1107968K
  class space    used 8672K, capacity 9151K, committed 9216K, reserved 1048576K
GC Heap History (10 events):
Event: 24.451 GC heap before
{Heap before GC invocations=13 (full 2):
 PSYoungGen      total 136192K, used 124928K [0x00000000e0000000, 0x00000000eb300000, 0x0000000100000000)
  eden space 124928K, 100% used [0x00000000e0000000,0x00000000e7a00000,0x00000000e7a00000)
  from space 11264K, 0% used [0x00000000e8480000,0x00000000e8480000,0x00000000e8f80000)
  to   space 10752K, 0% used [0x00000000e7a00000,0x00000000e7a00000,0x00000000e8480000)
 ParOldGen       total 48640K, used 16105K [0x00000000a0000000, 0x00000000a2f80000, 0x00000000e0000000)
  object space 48640K, 33% used [0x00000000a0000000,0x00000000a0fba4c0,0x00000000a2f80000)
 Metaspace       used 44494K, capacity 45372K, committed 45696K, reserved 1089536K
  class space    used 6106K, capacity 6417K, committed 6528K, reserved 1048576K
Event: 24.473 GC heap after
Heap after GC invocations=13 (full 2):
 PSYoungGen      total 135680K, used 10734K [0x00000000e0000000, 0x00000000ec600000, 0x0000000100000000)
  eden space 124928K, 0% used [0x00000000e0000000,0x00000000e0000000,0x00000000e7a00000)
  from space 10752K, 99% used [0x00000000e7a00000,0x00000000e847b9d0,0x00000000e8480000)
  to   space 14336K, 0% used [0x00000000eb800000,0x00000000eb800000,0x00000000ec600000)
 ParOldGen       total 48640K, used 21595K [0x00000000a0000000, 0x00000000a2f80000, 0x00000000e0000000)
  object space 48640K, 44% used [0x00000000a0000000,0x00000000a1516ec8,0x00000000a2f80000)
 Metaspace       used 44494K, capacity 45372K, committed 45696K, reserved 1089536K
  class space    used 6106K, capacity 6417K, committed 6528K, reserved 1048576K
}
Event: 28.326 GC heap before
{Heap before GC invocations=14 (full 2):
 PSYoungGen      total 135680K, used 135662K [0x00000000e0000000, 0x00000000ec600000, 0x0000000100000000)
  eden space 124928K, 100% used [0x00000000e0000000,0x00000000e7a00000,0x00000000e7a00000)
  from space 10752K, 99% used [0x00000000e7a00000,0x00000000e847b9d0,0x00000000e8480000)
  to   space 14336K, 0% used [0x00000000eb800000,0x00000000eb800000,0x00000000ec600000)
 ParOldGen       total 48640K, used 21595K [0x00000000a0000000, 0x00000000a2f80000, 0x00000000e0000000)
  object space 48640K, 44% used [0x00000000a0000000,0x00000000a1516ec8,0x00000000a2f80000)
 Metaspace       used 53772K, capacity 55346K, committed 55424K, reserved 1097728K
  class space    used 7379K, capacity 7784K, committed 7808K, reserved 1048576K
Event: 28.503 GC heap after
Heap after GC invocations=14 (full 2):
 PSYoungGen      total 186880K, used 11969K [0x00000000e0000000, 0x00000000ecb00000, 0x0000000100000000)
  eden space 172544K, 0% used [0x00000000e0000000,0x00000000e0000000,0x00000000ea880000)
  from space 14336K, 83% used [0x00000000eb800000,0x00000000ec3b0638,0x00000000ec600000)
  to   space 15872K, 0% used [0x00000000ea880000,0x00000000ea880000,0x00000000eb800000)
 ParOldGen       total 48640K, used 30721K [0x00000000a0000000, 0x00000000a2f80000, 0x00000000e0000000)
  object space 48640K, 63% used [0x00000000a0000000,0x00000000a1e00620,0x00000000a2f80000)
 Metaspace       used 53772K, capacity 55346K, committed 55424K, reserved 1097728K
  class space    used 7379K, capacity 7784K, committed 7808K, reserved 1048576K
}
Event: 38.409 GC heap before
{Heap before GC invocations=15 (full 2):
 PSYoungGen      total 186880K, used 117319K [0x00000000e0000000, 0x00000000ecb00000, 0x0000000100000000)
  eden space 172544K, 61% used [0x00000000e0000000,0x00000000e66e19a8,0x00000000ea880000)
  from space 14336K, 83% used [0x00000000eb800000,0x00000000ec3b0638,0x00000000ec600000)
  to   space 15872K, 0% used [0x00000000ea880000,0x00000000ea880000,0x00000000eb800000)
 ParOldGen       total 48640K, used 30721K [0x00000000a0000000, 0x00000000a2f80000, 0x00000000e0000000)
  object space 48640K, 63% used [0x00000000a0000000,0x00000000a1e00620,0x00000000a2f80000)
 Metaspace       used 57235K, capacity 58870K, committed 59008K, reserved 1099776K
  class space    used 7806K, capacity 8221K, committed 8320K, reserved 1048576K
Event: 38.449 GC heap after
Heap after GC invocations=15 (full 2):
 PSYoungGen      total 188416K, used 9777K [0x00000000e0000000, 0x00000000f0700000, 0x0000000100000000)
  eden space 172544K, 0% used [0x00000000e0000000,0x00000000e0000000,0x00000000ea880000)
  from space 15872K, 61% used [0x00000000ea880000,0x00000000eb20c570,0x00000000eb800000)
  to   space 15872K, 0% used [0x00000000ef780000,0x00000000ef780000,0x00000000f0700000)
 ParOldGen       total 48640K, used 37266K [0x00000000a0000000, 0x00000000a2f80000, 0x00000000e0000000)
  object space 48640K, 76% used [0x00000000a0000000,0x00000000a2464af8,0x00000000a2f80000)
 Metaspace       used 57235K, capacity 58870K, committed 59008K, reserved 1099776K
  class space    used 7806K, capacity 8221K, committed 8320K, reserved 1048576K
}
Event: 38.450 GC heap before
{Heap before GC invocations=16 (full 3):
 PSYoungGen      total 188416K, used 9777K [0x00000000e0000000, 0x00000000f0700000, 0x0000000100000000)
  eden space 172544K, 0% used [0x00000000e0000000,0x00000000e0000000,0x00000000ea880000)
  from space 15872K, 61% used [0x00000000ea880000,0x00000000eb20c570,0x00000000eb800000)
  to   space 15872K, 0% used [0x00000000ef780000,0x00000000ef780000,0x00000000f0700000)
 ParOldGen       total 48640K, used 37266K [0x00000000a0000000, 0x00000000a2f80000, 0x00000000e0000000)
  object space 48640K, 76% used [0x00000000a0000000,0x00000000a2464af8,0x00000000a2f80000)
 Metaspace       used 57235K, capacity 58870K, committed 59008K, reserved 1099776K
  class space    used 7806K, capacity 8221K, committed 8320K, reserved 1048576K
Event: 38.941 GC heap after
Heap after GC invocations=16 (full 3):
 PSYoungGen      total 188416K, used 0K [0x00000000e0000000, 0x00000000f0700000, 0x0000000100000000)
  eden space 172544K, 0% used [0x00000000e0000000,0x00000000e0000000,0x00000000ea880000)
  from space 15872K, 0% used [0x00000000ea880000,0x00000000ea880000,0x00000000eb800000)
  to   space 15872K, 0% used [0x00000000ef780000,0x00000000ef780000,0x00000000f0700000)
 ParOldGen       total 83968K, used 38922K [0x00000000a0000000, 0x00000000a5200000, 0x00000000e0000000)
  object space 83968K, 46% used [0x00000000a0000000,0x00000000a2602aa0,0x00000000a5200000)
 Metaspace       used 57235K, capacity 58870K, committed 59008K, reserved 1099776K
  class space    used 7806K, capacity 8221K, committed 8320K, reserved 1048576K
}
Event: 54.988 GC heap before
{Heap before GC invocations=17 (full 3):
 PSYoungGen      total 188416K, used 172544K [0x00000000e0000000, 0x00000000f0700000, 0x0000000100000000)
  eden space 172544K, 100% used [0x00000000e0000000,0x00000000ea880000,0x00000000ea880000)
  from space 15872K, 0% used [0x00000000ea880000,0x00000000ea880000,0x00000000eb800000)
  to   space 15872K, 0% used [0x00000000ef780000,0x00000000ef780000,0x00000000f0700000)
 ParOldGen       total 83968K, used 38922K [0x00000000a0000000, 0x00000000a5200000, 0x00000000e0000000)
  object space 83968K, 46% used [0x00000000a0000000,0x00000000a2602aa0,0x00000000a5200000)
 Metaspace       used 59083K, capacity 60754K, committed 60928K, reserved 1101824K
  class space    used 7986K, capacity 8421K, committed 8448K, reserved 1048576K
Event: 55.031 GC heap after
Heap after GC invocations=17 (full 3):
 PSYoungGen      total 241664K, used 15841K [0x00000000e0000000, 0x00000000f0700000, 0x0000000100000000)
  eden space 225792K, 0% used [0x00000000e0000000,0x00000000e0000000,0x00000000edc80000)
  from space 15872K, 99% used [0x00000000ef780000,0x00000000f06f8440,0x00000000f0700000)
  to   space 18432K, 0% used [0x00000000ee300000,0x00000000ee300000,0x00000000ef500000)
 ParOldGen       total 83968K, used 39756K [0x00000000a0000000, 0x00000000a5200000, 0x00000000e0000000)
  object space 83968K, 47% used [0x00000000a0000000,0x00000000a26d31d0,0x00000000a5200000)
 Metaspace       used 59083K, capacity 60754K, committed 60928K, reserved 1101824K
  class space    used 7986K, capacity 8421K, committed 8448K, reserved 1048576K
}

