# JRE version: OpenJDK Runtime Environment (8.0_152-b01) (build 1.8.0_152-release-1343-b01)
# Java VM: OpenJDK 64-Bit Server VM (25.152-b01 mixed mode windows-amd64 compressed oops)
Heap:
 PSYoungGen      total 331776K, used 30487K [0x00000000e0000000, 0x00000000f7580000, 0x0000000100000000)
  eden space 305152K, 1% used [0x00000000e0000000,0x00000000e03caf48,0x00000000f2a00000)
  from space 26624K, 99% used [0x00000000f4e00000,0x00000000f67fad68,0x00000000f6800000)
  to   space 36864K, 0% used [0x00000000f2a00000,0x00000000f2a00000,0x00000000f4e00000)
 ParOldGen       total 76800K, used 61022K [0x00000000a0000000, 0x00000000a4b00000, 0x00000000e0000000)
  object space 76800K, 79% used [0x00000000a0000000,0x00000000a3b97848,0x00000000a4b00000)
 Metaspace       used 73173K, capacity 75726K, committed 75800K, reserved 1114112K
  class space    used 9568K, capacity 10215K, committed 10280K, reserved 1048576K
GC Heap History (10 events):
Event: 47.430 GC heap before
{Heap before GC invocations=15 (full 2):
 PSYoungGen      total 176640K, used 23474K [0x00000000e0000000, 0x00000000ebe00000, 0x0000000100000000)
  eden space 161792K, 7% used [0x00000000e0000000,0x00000000e0be3bf8,0x00000000e9e00000)
  from space 14848K, 76% used [0x00000000eaf80000,0x00000000eba88ca8,0x00000000ebe00000)
  to   space 16384K, 0% used [0x00000000e9e00000,0x00000000e9e00000,0x00000000eae00000)
 ParOldGen       total 53760K, used 31891K [0x00000000a0000000, 0x00000000a3480000, 0x00000000e0000000)
  object space 53760K, 59% used [0x00000000a0000000,0x00000000a1f24dd0,0x00000000a3480000)
 Metaspace       used 57348K, capacity 59078K, committed 59160K, reserved 1099776K
  class space    used 7715K, capacity 8197K, committed 8232K, reserved 1048576K
Event: 47.501 GC heap after
Heap after GC invocations=15 (full 2):
 PSYoungGen      total 178176K, used 5393K [0x00000000e0000000, 0x00000000f0480000, 0x0000000100000000)
  eden space 161792K, 0% used [0x00000000e0000000,0x00000000e0000000,0x00000000e9e00000)
  from space 16384K, 32% used [0x00000000e9e00000,0x00000000ea3446a0,0x00000000eae00000)
  to   space 15872K, 0% used [0x00000000ef500000,0x00000000ef500000,0x00000000f0480000)
 ParOldGen       total 53760K, used 31899K [0x00000000a0000000, 0x00000000a3480000, 0x00000000e0000000)
  object space 53760K, 59% used [0x00000000a0000000,0x00000000a1f26dd0,0x00000000a3480000)
 Metaspace       used 57348K, capacity 59078K, committed 59160K, reserved 1099776K
  class space    used 7715K, capacity 8197K, committed 8232K, reserved 1048576K
}
Event: 47.501 GC heap before
{Heap before GC invocations=16 (full 3):
 PSYoungGen      total 178176K, used 5393K [0x00000000e0000000, 0x00000000f0480000, 0x0000000100000000)
  eden space 161792K, 0% used [0x00000000e0000000,0x00000000e0000000,0x00000000e9e00000)
  from space 16384K, 32% used [0x00000000e9e00000,0x00000000ea3446a0,0x00000000eae00000)
  to   space 15872K, 0% used [0x00000000ef500000,0x00000000ef500000,0x00000000f0480000)
 ParOldGen       total 53760K, used 31899K [0x00000000a0000000, 0x00000000a3480000, 0x00000000e0000000)
  object space 53760K, 59% used [0x00000000a0000000,0x00000000a1f26dd0,0x00000000a3480000)
 Metaspace       used 57348K, capacity 59078K, committed 59160K, reserved 1099776K
  class space    used 7715K, capacity 8197K, committed 8232K, reserved 1048576K
Event: 48.104 GC heap after
Heap after GC invocations=16 (full 3):
 PSYoungGen      total 178176K, used 0K [0x00000000e0000000, 0x00000000f0480000, 0x0000000100000000)
  eden space 161792K, 0% used [0x00000000e0000000,0x00000000e0000000,0x00000000e9e00000)
  from space 16384K, 0% used [0x00000000e9e00000,0x00000000e9e00000,0x00000000eae00000)
  to   space 15872K, 0% used [0x00000000ef500000,0x00000000ef500000,0x00000000f0480000)
 ParOldGen       total 76800K, used 30341K [0x00000000a0000000, 0x00000000a4b00000, 0x00000000e0000000)
  object space 76800K, 39% used [0x00000000a0000000,0x00000000a1da1680,0x00000000a4b00000)
 Metaspace       used 57324K, capacity 58990K, committed 59160K, reserved 1099776K
  class space    used 7708K, capacity 8189K, committed 8232K, reserved 1048576K
}
Event: 53.407 GC heap before
{Heap before GC invocations=17 (full 3):
 PSYoungGen      total 178176K, used 161792K [0x00000000e0000000, 0x00000000f0480000, 0x0000000100000000)
  eden space 161792K, 100% used [0x00000000e0000000,0x00000000e9e00000,0x00000000e9e00000)
  from space 16384K, 0% used [0x00000000e9e00000,0x00000000e9e00000,0x00000000eae00000)
  to   space 15872K, 0% used [0x00000000ef500000,0x00000000ef500000,0x00000000f0480000)
 ParOldGen       total 76800K, used 30341K [0x00000000a0000000, 0x00000000a4b00000, 0x00000000e0000000)
  object space 76800K, 39% used [0x00000000a0000000,0x00000000a1da1680,0x00000000a4b00000)
 Metaspace       used 60757K, capacity 62666K, committed 62872K, reserved 1103872K
  class space    used 8253K, capacity 8797K, committed 8872K, reserved 1048576K
Event: 53.443 GC heap after
Heap after GC invocations=17 (full 3):
 PSYoungGen      total 244736K, used 15844K [0x00000000e0000000, 0x00000000f0480000, 0x0000000100000000)
  eden space 228864K, 0% used [0x00000000e0000000,0x00000000e0000000,0x00000000edf80000)
  from space 15872K, 99% used [0x00000000ef500000,0x00000000f0479130,0x00000000f0480000)
  to   space 18432K, 0% used [0x00000000ee080000,0x00000000ee080000,0x00000000ef280000)
 ParOldGen       total 76800K, used 30697K [0x00000000a0000000, 0x00000000a4b00000, 0x00000000e0000000)
  object space 76800K, 39% used [0x00000000a0000000,0x00000000a1dfa4a0,0x00000000a4b00000)
 Metaspace       used 60757K, capacity 62666K, committed 62872K, reserved 1103872K
  class space    used 8253K, capacity 8797K, committed 8872K, reserved 1048576K
}
Event: 87.729 GC heap before
{Heap before GC invocations=18 (full 3):
 PSYoungGen      total 244736K, used 244708K [0x00000000e0000000, 0x00000000f0480000, 0x0000000100000000)
  eden space 228864K, 100% used [0x00000000e0000000,0x00000000edf80000,0x00000000edf80000)
  from space 15872K, 99% used [0x00000000ef500000,0x00000000f0479130,0x00000000f0480000)
  to   space 18432K, 0% used [0x00000000ee080000,0x00000000ee080000,0x00000000ef280000)
 ParOldGen       total 76800K, used 30697K [0x00000000a0000000, 0x00000000a4b00000, 0x00000000e0000000)
  object space 76800K, 39% used [0x00000000a0000000,0x00000000a1dfa4a0,0x00000000a4b00000)
 Metaspace       used 70025K, capacity 72556K, committed 72856K, reserved 1112064K
  class space    used 9223K, capacity 9836K, committed 9896K, reserved 1048576K
Event: 87.827 GC heap after
Heap after GC invocations=18 (full 3):
 PSYoungGen      total 248320K, used 18430K [0x00000000e0000000, 0x00000000f6800000, 0x0000000100000000)
  eden space 229888K, 0% used [0x00000000e0000000,0x00000000e0000000,0x00000000ee080000)
  from space 18432K, 99% used [0x00000000ee080000,0x00000000ef27fb30,0x00000000ef280000)
  to   space 26624K, 0% used [0x00000000f4e00000,0x00000000f4e00000,0x00000000f6800000)
 ParOldGen       total 76800K, used 45337K [0x00000000a0000000, 0x00000000a4b00000, 0x00000000e0000000)
  object space 76800K, 59% used [0x00000000a0000000,0x00000000a2c466f8,0x00000000a4b00000)
 Metaspace       used 70025K, capacity 72556K, committed 72856K, reserved 1112064K
  class space    used 9223K, capacity 9836K, committed 9896K, reserved 1048576K
}
Event: 108.267 GC heap before
{Heap before GC invocations=19 (full 3):
 PSYoungGen      total 248320K, used 248318K [0x00000000e0000000, 0x00000000f6800000, 0x0000000100000000)
  eden space 229888K, 100% used [0x00000000e0000000,0x00000000ee080000,0x00000000ee080000)
  from space 18432K, 99% used [0x00000000ee080000,0x00000000ef27fb30,0x00000000ef280000)
  to   space 26624K, 0% used [0x00000000f4e00000,0x00000000f4e00000,0x00000000f6800000)
 ParOldGen       total 76800K, used 45337K [0x00000000a0000000, 0x00000000a4b00000, 0x00000000e0000000)
  object space 76800K, 59% used [0x00000000a0000000,0x00000000a2c466f8,0x00000000a4b00000)
 Metaspace       used 73135K, capacity 75726K, committed 75800K, reserved 1114112K
  class space    used 9565K, capacity 10215K, committed 10280K, reserved 1048576K
Event: 108.336 GC heap after
Heap after GC invocations=19 (full 3):
 PSYoungGen      total 331776K, used 26603K [0x00000000e0000000, 0x00000000f7580000, 0x0000000100000000)
  eden space 305152K, 0% used [0x00000000e0000000,0x00000000e0000000,0x00000000f2a00000)
  from space 26624K, 99% used [0x00000000f4e00000,0x00000000f67fad68,0x00000000f6800000)
  to   space 36864K, 0% used [0x00000000f2a00000,0x00000000f2a00000,0x00000000f4e00000)
 ParOldGen       total 76800K, used 61022K [0x00000000a0000000, 0x00000000a4b00000, 0x00000000e0000000)
  object space 76800K, 79% used [0x00000000a0000000,0x00000000a3b97848,0x00000000a4b00000)
 Metaspace       used 73135K, capacity 75726K, committed 75800K, reserved 1114112K
  class space    used 9565K, capacity 10215K, committed 10280K, reserved 1048576K
}

