# JRE version: OpenJDK Runtime Environment (8.0_152-b01) (build 1.8.0_152-release-1343-b01)
# Java VM: OpenJDK 64-Bit Server VM (25.152-b01 mixed mode windows-amd64 compressed oops)
Heap:
 PSYoungGen      total 296448K, used 243291K [0x00000000e0000000, 0x00000000f7900000, 0x0000000100000000)
  eden space 271360K, 83% used [0x00000000e0000000,0x00000000edd1eae0,0x00000000f0900000)
  from space 25088K, 67% used [0x00000000f0900000,0x00000000f1978440,0x00000000f2180000)
  to   space 26112K, 0% used [0x00000000f5f80000,0x00000000f5f80000,0x00000000f7900000)
 ParOldGen       total 81408K, used 35438K [0x00000000a0000000, 0x00000000a4f80000, 0x00000000e0000000)
  object space 81408K, 43% used [0x00000000a0000000,0x00000000a229bb38,0x00000000a4f80000)
 Metaspace       used 75321K, capacity 78307K, committed 78512K, reserved 1118208K
  class space    used 9971K, capacity 10604K, committed 10672K, reserved 1048576K
GC Heap History (10 events):
Event: 16.981 GC heap before
{Heap before GC invocations=14 (full 2):
 PSYoungGen      total 162304K, used 162282K [0x00000000e0000000, 0x00000000eee80000, 0x0000000100000000)
  eden space 150528K, 100% used [0x00000000e0000000,0x00000000e9300000,0x00000000e9300000)
  from space 11776K, 99% used [0x00000000e9300000,0x00000000e9e7ab00,0x00000000e9e80000)
  to   space 15872K, 0% used [0x00000000edf00000,0x00000000edf00000,0x00000000eee80000)
 ParOldGen       total 47104K, used 22053K [0x00000000a0000000, 0x00000000a2e00000, 0x00000000e0000000)
  object space 47104K, 46% used [0x00000000a0000000,0x00000000a15895b8,0x00000000a2e00000)
 Metaspace       used 56690K, capacity 58432K, committed 58672K, reserved 1099776K
  class space    used 7790K, capacity 8236K, committed 8240K, reserved 1048576K
Event: 17.024 GC heap after
Heap after GC invocations=14 (full 2):
 PSYoungGen      total 222208K, used 15847K [0x00000000e0000000, 0x00000000ef680000, 0x0000000100000000)
  eden space 206336K, 0% used [0x00000000e0000000,0x00000000e0000000,0x00000000ec980000)
  from space 15872K, 99% used [0x00000000edf00000,0x00000000eee79da0,0x00000000eee80000)
  to   space 22016K, 0% used [0x00000000ec980000,0x00000000ec980000,0x00000000edf00000)
 ParOldGen       total 47104K, used 32512K [0x00000000a0000000, 0x00000000a2e00000, 0x00000000e0000000)
  object space 47104K, 69% used [0x00000000a0000000,0x00000000a1fc00c8,0x00000000a2e00000)
 Metaspace       used 56690K, capacity 58432K, committed 58672K, reserved 1099776K
  class space    used 7790K, capacity 8236K, committed 8240K, reserved 1048576K
}
Event: 18.727 GC heap before
{Heap before GC invocations=15 (full 2):
 PSYoungGen      total 222208K, used 58346K [0x00000000e0000000, 0x00000000ef680000, 0x0000000100000000)
  eden space 206336K, 20% used [0x00000000e0000000,0x00000000e2980be0,0x00000000ec980000)
  from space 15872K, 99% used [0x00000000edf00000,0x00000000eee79da0,0x00000000eee80000)
  to   space 22016K, 0% used [0x00000000ec980000,0x00000000ec980000,0x00000000edf00000)
 ParOldGen       total 47104K, used 32512K [0x00000000a0000000, 0x00000000a2e00000, 0x00000000e0000000)
  object space 47104K, 69% used [0x00000000a0000000,0x00000000a1fc00c8,0x00000000a2e00000)
 Metaspace       used 57307K, capacity 59097K, committed 59160K, reserved 1099776K
  class space    used 7845K, capacity 8305K, committed 8368K, reserved 1048576K
Event: 18.749 GC heap after
Heap after GC invocations=15 (full 2):
 PSYoungGen      total 228352K, used 2112K [0x00000000e0000000, 0x00000000f3c00000, 0x0000000100000000)
  eden space 206336K, 0% used [0x00000000e0000000,0x00000000e0000000,0x00000000ec980000)
  from space 22016K, 9% used [0x00000000ec980000,0x00000000ecb90000,0x00000000edf00000)
  to   space 22016K, 0% used [0x00000000f2680000,0x00000000f2680000,0x00000000f3c00000)
 ParOldGen       total 47104K, used 42302K [0x00000000a0000000, 0x00000000a2e00000, 0x00000000e0000000)
  object space 47104K, 89% used [0x00000000a0000000,0x00000000a294fbb8,0x00000000a2e00000)
 Metaspace       used 57307K, capacity 59097K, committed 59160K, reserved 1099776K
  class space    used 7845K, capacity 8305K, committed 8368K, reserved 1048576K
}
Event: 18.749 GC heap before
{Heap before GC invocations=16 (full 3):
 PSYoungGen      total 228352K, used 2112K [0x00000000e0000000, 0x00000000f3c00000, 0x0000000100000000)
  eden space 206336K, 0% used [0x00000000e0000000,0x00000000e0000000,0x00000000ec980000)
  from space 22016K, 9% used [0x00000000ec980000,0x00000000ecb90000,0x00000000edf00000)
  to   space 22016K, 0% used [0x00000000f2680000,0x00000000f2680000,0x00000000f3c00000)
 ParOldGen       total 47104K, used 42302K [0x00000000a0000000, 0x00000000a2e00000, 0x00000000e0000000)
  object space 47104K, 89% used [0x00000000a0000000,0x00000000a294fbb8,0x00000000a2e00000)
 Metaspace       used 57307K, capacity 59097K, committed 59160K, reserved 1099776K
  class space    used 7845K, capacity 8305K, committed 8368K, reserved 1048576K
Event: 19.153 GC heap after
Heap after GC invocations=16 (full 3):
 PSYoungGen      total 228352K, used 0K [0x00000000e0000000, 0x00000000f3c00000, 0x0000000100000000)
  eden space 206336K, 0% used [0x00000000e0000000,0x00000000e0000000,0x00000000ec980000)
  from space 22016K, 0% used [0x00000000ec980000,0x00000000ec980000,0x00000000edf00000)
  to   space 22016K, 0% used [0x00000000f2680000,0x00000000f2680000,0x00000000f3c00000)
 ParOldGen       total 81408K, used 35422K [0x00000000a0000000, 0x00000000a4f80000, 0x00000000e0000000)
  object space 81408K, 43% used [0x00000000a0000000,0x00000000a2297b38,0x00000000a4f80000)
 Metaspace       used 57307K, capacity 59097K, committed 59160K, reserved 1099776K
  class space    used 7845K, capacity 8305K, committed 8368K, reserved 1048576K
}
Event: 49.810 GC heap before
{Heap before GC invocations=17 (full 3):
 PSYoungGen      total 228352K, used 206336K [0x00000000e0000000, 0x00000000f3c00000, 0x0000000100000000)
  eden space 206336K, 100% used [0x00000000e0000000,0x00000000ec980000,0x00000000ec980000)
  from space 22016K, 0% used [0x00000000ec980000,0x00000000ec980000,0x00000000edf00000)
  to   space 22016K, 0% used [0x00000000f2680000,0x00000000f2680000,0x00000000f3c00000)
 ParOldGen       total 81408K, used 35422K [0x00000000a0000000, 0x00000000a4f80000, 0x00000000e0000000)
  object space 81408K, 43% used [0x00000000a0000000,0x00000000a2297b38,0x00000000a4f80000)
 Metaspace       used 70441K, capacity 72741K, committed 72880K, reserved 1112064K
  class space    used 9487K, capacity 10069K, committed 10160K, reserved 1048576K
Event: 49.848 GC heap after
Heap after GC invocations=17 (full 3):
 PSYoungGen      total 283136K, used 19836K [0x00000000e0000000, 0x00000000f3a00000, 0x0000000100000000)
  eden space 263168K, 0% used [0x00000000e0000000,0x00000000e0000000,0x00000000f0100000)
  from space 19968K, 99% used [0x00000000f2680000,0x00000000f39df240,0x00000000f3a00000)
  to   space 25088K, 0% used [0x00000000f0900000,0x00000000f0900000,0x00000000f2180000)
 ParOldGen       total 81408K, used 35430K [0x00000000a0000000, 0x00000000a4f80000, 0x00000000e0000000)
  object space 81408K, 43% used [0x00000000a0000000,0x00000000a2299b38,0x00000000a4f80000)
 Metaspace       used 70441K, capacity 72741K, committed 72880K, reserved 1112064K
  class space    used 9487K, capacity 10069K, committed 10160K, reserved 1048576K
}
Event: 55.437 GC heap before
{Heap before GC invocations=18 (full 3):
 PSYoungGen      total 283136K, used 283004K [0x00000000e0000000, 0x00000000f3a00000, 0x0000000100000000)
  eden space 263168K, 100% used [0x00000000e0000000,0x00000000f0100000,0x00000000f0100000)
  from space 19968K, 99% used [0x00000000f2680000,0x00000000f39df240,0x00000000f3a00000)
  to   space 25088K, 0% used [0x00000000f0900000,0x00000000f0900000,0x00000000f2180000)
 ParOldGen       total 81408K, used 35430K [0x00000000a0000000, 0x00000000a4f80000, 0x00000000e0000000)
  object space 81408K, 43% used [0x00000000a0000000,0x00000000a2299b38,0x00000000a4f80000)
 Metaspace       used 73906K, capacity 76701K, committed 76848K, reserved 1116160K
  class space    used 9835K, capacity 10481K, committed 10544K, reserved 1048576K
Event: 55.549 GC heap after
Heap after GC invocations=18 (full 3):
 PSYoungGen      total 296448K, used 16865K [0x00000000e0000000, 0x00000000f7900000, 0x0000000100000000)
  eden space 271360K, 0% used [0x00000000e0000000,0x00000000e0000000,0x00000000f0900000)
  from space 25088K, 67% used [0x00000000f0900000,0x00000000f1978440,0x00000000f2180000)
  to   space 26112K, 0% used [0x00000000f5f80000,0x00000000f5f80000,0x00000000f7900000)
 ParOldGen       total 81408K, used 35438K [0x00000000a0000000, 0x00000000a4f80000, 0x00000000e0000000)
  object space 81408K, 43% used [0x00000000a0000000,0x00000000a229bb38,0x00000000a4f80000)
 Metaspace       used 73906K, capacity 76701K, committed 76848K, reserved 1116160K
  class space    used 9835K, capacity 10481K, committed 10544K, reserved 1048576K
}

