# JRE version: OpenJDK Runtime Environment (8.0_152-b01) (build 1.8.0_152-release-1343-b01)
# Java VM: OpenJDK 64-Bit Server VM (25.152-b01 mixed mode windows-amd64 compressed oops)
Heap:
 PSYoungGen      total 330752K, used 254632K [0x00000000e0000000, 0x00000000f8300000, 0x0000000100000000)
  eden space 295936K, 85% used [0x00000000e0000000,0x00000000ef5e9ec8,0x00000000f2100000)
  from space 34816K, 8% used [0x00000000f2100000,0x00000000f23c01b0,0x00000000f4300000)
  to   space 34304K, 0% used [0x00000000f6180000,0x00000000f6180000,0x00000000f8300000)
 ParOldGen       total 82432K, used 63797K [0x00000000a0000000, 0x00000000a5080000, 0x00000000e0000000)
  object space 82432K, 77% used [0x00000000a0000000,0x00000000a3e4d570,0x00000000a5080000)
 Metaspace       used 84519K, capacity 87609K, committed 87856K, reserved 1126400K
  class space    used 10796K, capacity 11465K, committed 11568K, reserved 1048576K
GC Heap History (10 events):
Event: 117.037 GC heap before
{Heap before GC invocations=20 (full 3):
 PSYoungGen      total 304640K, used 288468K [0x00000000e0000000, 0x00000000f5600000, 0x0000000100000000)
  eden space 279040K, 100% used [0x00000000e0000000,0x00000000f1080000,0x00000000f1080000)
  from space 25600K, 36% used [0x00000000f2800000,0x00000000f31350d0,0x00000000f4100000)
  to   space 24064K, 0% used [0x00000000f1080000,0x00000000f1080000,0x00000000f2800000)
 ParOldGen       total 82432K, used 53855K [0x00000000a0000000, 0x00000000a5080000, 0x00000000e0000000)
  object space 82432K, 65% used [0x00000000a0000000,0x00000000a3497c30,0x00000000a5080000)
 Metaspace       used 78091K, capacity 81317K, committed 81456K, reserved 1120256K
  class space    used 10279K, capacity 10949K, committed 11056K, reserved 1048576K
Event: 117.082 GC heap after
Heap after GC invocations=20 (full 3):
 PSYoungGen      total 303104K, used 9445K [0x00000000e0000000, 0x00000000f5980000, 0x0000000100000000)
  eden space 279040K, 0% used [0x00000000e0000000,0x00000000e0000000,0x00000000f1080000)
  from space 24064K, 39% used [0x00000000f1080000,0x00000000f19b9658,0x00000000f2800000)
  to   space 23040K, 0% used [0x00000000f4300000,0x00000000f4300000,0x00000000f5980000)
 ParOldGen       total 82432K, used 53863K [0x00000000a0000000, 0x00000000a5080000, 0x00000000e0000000)
  object space 82432K, 65% used [0x00000000a0000000,0x00000000a3499c30,0x00000000a5080000)
 Metaspace       used 78091K, capacity 81317K, committed 81456K, reserved 1120256K
  class space    used 10279K, capacity 10949K, committed 11056K, reserved 1048576K
}
Event: 124.090 GC heap before
{Heap before GC invocations=21 (full 3):
 PSYoungGen      total 303104K, used 288460K [0x00000000e0000000, 0x00000000f5980000, 0x0000000100000000)
  eden space 279040K, 99% used [0x00000000e0000000,0x00000000f1079d80,0x00000000f1080000)
  from space 24064K, 39% used [0x00000000f1080000,0x00000000f19b9658,0x00000000f2800000)
  to   space 23040K, 0% used [0x00000000f4300000,0x00000000f4300000,0x00000000f5980000)
 ParOldGen       total 82432K, used 53863K [0x00000000a0000000, 0x00000000a5080000, 0x00000000e0000000)
  object space 82432K, 65% used [0x00000000a0000000,0x00000000a3499c30,0x00000000a5080000)
 Metaspace       used 79600K, capacity 82947K, committed 83120K, reserved 1122304K
  class space    used 10408K, capacity 11108K, committed 11184K, reserved 1048576K
Event: 124.183 GC heap after
Heap after GC invocations=21 (full 3):
 PSYoungGen      total 318976K, used 23023K [0x00000000e0000000, 0x00000000f7300000, 0x0000000100000000)
  eden space 295936K, 0% used [0x00000000e0000000,0x00000000e0000000,0x00000000f2100000)
  from space 23040K, 99% used [0x00000000f4300000,0x00000000f597bcb8,0x00000000f5980000)
  to   space 34816K, 0% used [0x00000000f2100000,0x00000000f2100000,0x00000000f4300000)
 ParOldGen       total 82432K, used 76196K [0x00000000a0000000, 0x00000000a5080000, 0x00000000e0000000)
  object space 82432K, 92% used [0x00000000a0000000,0x00000000a4a69388,0x00000000a5080000)
 Metaspace       used 79600K, capacity 82947K, committed 83120K, reserved 1122304K
  class space    used 10408K, capacity 11108K, committed 11184K, reserved 1048576K
}
Event: 124.183 GC heap before
{Heap before GC invocations=22 (full 4):
 PSYoungGen      total 318976K, used 23023K [0x00000000e0000000, 0x00000000f7300000, 0x0000000100000000)
  eden space 295936K, 0% used [0x00000000e0000000,0x00000000e0000000,0x00000000f2100000)
  from space 23040K, 99% used [0x00000000f4300000,0x00000000f597bcb8,0x00000000f5980000)
  to   space 34816K, 0% used [0x00000000f2100000,0x00000000f2100000,0x00000000f4300000)
 ParOldGen       total 82432K, used 76196K [0x00000000a0000000, 0x00000000a5080000, 0x00000000e0000000)
  object space 82432K, 92% used [0x00000000a0000000,0x00000000a4a69388,0x00000000a5080000)
 Metaspace       used 79600K, capacity 82947K, committed 83120K, reserved 1122304K
  class space    used 10408K, capacity 11108K, committed 11184K, reserved 1048576K
Event: 125.128 GC heap after
Heap after GC invocations=22 (full 4):
 PSYoungGen      total 318976K, used 4579K [0x00000000e0000000, 0x00000000f7300000, 0x0000000100000000)
  eden space 295936K, 0% used [0x00000000e0000000,0x00000000e0000000,0x00000000f2100000)
  from space 23040K, 19% used [0x00000000f4300000,0x00000000f4778c18,0x00000000f5980000)
  to   space 34816K, 0% used [0x00000000f2100000,0x00000000f2100000,0x00000000f4300000)
 ParOldGen       total 82432K, used 82105K [0x00000000a0000000, 0x00000000a5080000, 0x00000000e0000000)
  object space 82432K, 99% used [0x00000000a0000000,0x00000000a502e5f8,0x00000000a5080000)
 Metaspace       used 79328K, capacity 82203K, committed 83120K, reserved 1122304K
  class space    used 10314K, capacity 10946K, committed 11184K, reserved 1048576K
}
Event: 138.584 GC heap before
{Heap before GC invocations=23 (full 5):
 PSYoungGen      total 318976K, used 300136K [0x00000000e0000000, 0x00000000f7300000, 0x0000000100000000)
  eden space 295936K, 99% used [0x00000000e0000000,0x00000000f20a14b8,0x00000000f2100000)
  from space 23040K, 19% used [0x00000000f4300000,0x00000000f4778c18,0x00000000f5980000)
  to   space 34816K, 0% used [0x00000000f2100000,0x00000000f2100000,0x00000000f4300000)
 ParOldGen       total 82432K, used 82105K [0x00000000a0000000, 0x00000000a5080000, 0x00000000e0000000)
  object space 82432K, 99% used [0x00000000a0000000,0x00000000a502e5f8,0x00000000a5080000)
 Metaspace       used 80300K, capacity 83243K, committed 84016K, reserved 1122304K
  class space    used 10429K, capacity 11068K, committed 11312K, reserved 1048576K
Event: 138.827 GC heap after
Heap after GC invocations=23 (full 5):
 PSYoungGen      total 318976K, used 0K [0x00000000e0000000, 0x00000000f7300000, 0x0000000100000000)
  eden space 295936K, 0% used [0x00000000e0000000,0x00000000e0000000,0x00000000f2100000)
  from space 23040K, 0% used [0x00000000f4300000,0x00000000f4300000,0x00000000f5980000)
  to   space 34816K, 0% used [0x00000000f2100000,0x00000000f2100000,0x00000000f4300000)
 ParOldGen       total 82432K, used 63789K [0x00000000a0000000, 0x00000000a5080000, 0x00000000e0000000)
  object space 82432K, 77% used [0x00000000a0000000,0x00000000a3e4b570,0x00000000a5080000)
 Metaspace       used 80300K, capacity 83243K, committed 84016K, reserved 1122304K
  class space    used 10429K, capacity 11068K, committed 11312K, reserved 1048576K
}
Event: 139.094 GC heap before
{Heap before GC invocations=24 (full 5):
 PSYoungGen      total 318976K, used 295263K [0x00000000e0000000, 0x00000000f7300000, 0x0000000100000000)
  eden space 295936K, 99% used [0x00000000e0000000,0x00000000f2057ff8,0x00000000f2100000)
  from space 23040K, 0% used [0x00000000f4300000,0x00000000f4300000,0x00000000f5980000)
  to   space 34816K, 0% used [0x00000000f2100000,0x00000000f2100000,0x00000000f4300000)
 ParOldGen       total 82432K, used 63789K [0x00000000a0000000, 0x00000000a5080000, 0x00000000e0000000)
  object space 82432K, 77% used [0x00000000a0000000,0x00000000a3e4b570,0x00000000a5080000)
 Metaspace       used 80322K, capacity 83243K, committed 84016K, reserved 1122304K
  class space    used 10429K, capacity 11068K, committed 11312K, reserved 1048576K
Event: 139.100 GC heap after
Heap after GC invocations=24 (full 5):
 PSYoungGen      total 330752K, used 2816K [0x00000000e0000000, 0x00000000f8300000, 0x0000000100000000)
  eden space 295936K, 0% used [0x00000000e0000000,0x00000000e0000000,0x00000000f2100000)
  from space 34816K, 8% used [0x00000000f2100000,0x00000000f23c01b0,0x00000000f4300000)
  to   space 34304K, 0% used [0x00000000f6180000,0x00000000f6180000,0x00000000f8300000)
 ParOldGen       total 82432K, used 63797K [0x00000000a0000000, 0x00000000a5080000, 0x00000000e0000000)
  object space 82432K, 77% used [0x00000000a0000000,0x00000000a3e4d570,0x00000000a5080000)
 Metaspace       used 80322K, capacity 83243K, committed 84016K, reserved 1122304K
  class space    used 10429K, capacity 11068K, committed 11312K, reserved 1048576K
}

