# JRE version: OpenJDK Runtime Environment (8.0_152-b01) (build 1.8.0_152-release-1343-b01)
# Java VM: OpenJDK 64-Bit Server VM (25.152-b01 mixed mode windows-amd64 compressed oops)
Heap:
 PSYoungGen      total 249856K, used 23748K [0x00000000e0000000, 0x00000000f3180000, 0x0000000100000000)
  eden space 211456K, 5% used [0x00000000e0000000,0x00000000e0b52e28,0x00000000ece80000)
  from space 38400K, 31% used [0x00000000ece80000,0x00000000eda5e310,0x00000000ef400000)
  to   space 41472K, 0% used [0x00000000f0900000,0x00000000f0900000,0x00000000f3180000)
 ParOldGen       total 138240K, used 65597K [0x00000000a0000000, 0x00000000a8700000, 0x00000000e0000000)
  object space 138240K, 47% used [0x00000000a0000000,0x00000000a400f5b8,0x00000000a8700000)
 Metaspace       used 84245K, capacity 87406K, committed 87680K, reserved 1126400K
  class space    used 10644K, capacity 11323K, committed 11392K, reserved 1048576K
GC Heap History (10 events):
Event: 214.805 GC heap before
{Heap before GC invocations=27 (full 6):
 PSYoungGen      total 239616K, used 210925K [0x00000000e0000000, 0x00000000f2700000, 0x0000000100000000)
  eden space 211456K, 99% used [0x00000000e0000000,0x00000000ecdfb7b8,0x00000000ece80000)
  from space 28160K, 0% used [0x00000000ef400000,0x00000000ef400000,0x00000000f0f80000)
  to   space 38400K, 0% used [0x00000000ece80000,0x00000000ece80000,0x00000000ef400000)
 ParOldGen       total 138240K, used 65557K [0x00000000a0000000, 0x00000000a8700000, 0x00000000e0000000)
  object space 138240K, 47% used [0x00000000a0000000,0x00000000a40055b8,0x00000000a8700000)
 Metaspace       used 81084K, capacity 83916K, committed 84096K, reserved 1122304K
  class space    used 10362K, capacity 11014K, committed 11136K, reserved 1048576K
Event: 214.809 GC heap after
Heap after GC invocations=27 (full 6):
 PSYoungGen      total 249856K, used 96K [0x00000000e0000000, 0x00000000f2700000, 0x0000000100000000)
  eden space 211456K, 0% used [0x00000000e0000000,0x00000000e0000000,0x00000000ece80000)
  from space 38400K, 0% used [0x00000000ece80000,0x00000000ece98000,0x00000000ef400000)
  to   space 28160K, 0% used [0x00000000ef400000,0x00000000ef400000,0x00000000f0f80000)
 ParOldGen       total 138240K, used 65557K [0x00000000a0000000, 0x00000000a8700000, 0x00000000e0000000)
  object space 138240K, 47% used [0x00000000a0000000,0x00000000a40055b8,0x00000000a8700000)
 Metaspace       used 81084K, capacity 83916K, committed 84096K, reserved 1122304K
  class space    used 10362K, capacity 11014K, committed 11136K, reserved 1048576K
}
Event: 392.385 GC heap before
{Heap before GC invocations=28 (full 6):
 PSYoungGen      total 249856K, used 211552K [0x00000000e0000000, 0x00000000f2700000, 0x0000000100000000)
  eden space 211456K, 100% used [0x00000000e0000000,0x00000000ece80000,0x00000000ece80000)
  from space 38400K, 0% used [0x00000000ece80000,0x00000000ece98000,0x00000000ef400000)
  to   space 28160K, 0% used [0x00000000ef400000,0x00000000ef400000,0x00000000f0f80000)
 ParOldGen       total 138240K, used 65557K [0x00000000a0000000, 0x00000000a8700000, 0x00000000e0000000)
  object space 138240K, 47% used [0x00000000a0000000,0x00000000a40055b8,0x00000000a8700000)
 Metaspace       used 82260K, capacity 85390K, committed 85504K, reserved 1124352K
  class space    used 10492K, capacity 11199K, committed 11264K, reserved 1048576K
Event: 392.410 GC heap after
Heap after GC invocations=28 (full 6):
 PSYoungGen      total 239616K, used 6356K [0x00000000e0000000, 0x00000000f2700000, 0x0000000100000000)
  eden space 211456K, 0% used [0x00000000e0000000,0x00000000e0000000,0x00000000ece80000)
  from space 28160K, 22% used [0x00000000ef400000,0x00000000efa35168,0x00000000f0f80000)
  to   space 38400K, 0% used [0x00000000ece80000,0x00000000ece80000,0x00000000ef400000)
 ParOldGen       total 138240K, used 65581K [0x00000000a0000000, 0x00000000a8700000, 0x00000000e0000000)
  object space 138240K, 47% used [0x00000000a0000000,0x00000000a400b5b8,0x00000000a8700000)
 Metaspace       used 82260K, capacity 85390K, committed 85504K, reserved 1124352K
  class space    used 10492K, capacity 11199K, committed 11264K, reserved 1048576K
}
Event: 418.321 GC heap before
{Heap before GC invocations=29 (full 6):
 PSYoungGen      total 239616K, used 217018K [0x00000000e0000000, 0x00000000f2700000, 0x0000000100000000)
  eden space 211456K, 99% used [0x00000000e0000000,0x00000000ecdb9790,0x00000000ece80000)
  from space 28160K, 22% used [0x00000000ef400000,0x00000000efa35168,0x00000000f0f80000)
  to   space 38400K, 0% used [0x00000000ece80000,0x00000000ece80000,0x00000000ef400000)
 ParOldGen       total 138240K, used 65581K [0x00000000a0000000, 0x00000000a8700000, 0x00000000e0000000)
  object space 138240K, 47% used [0x00000000a0000000,0x00000000a400b5b8,0x00000000a8700000)
 Metaspace       used 82721K, capacity 85828K, committed 86016K, reserved 1124352K
  class space    used 10538K, capacity 11232K, committed 11264K, reserved 1048576K
Event: 418.350 GC heap after
Heap after GC invocations=29 (full 6):
 PSYoungGen      total 249856K, used 17298K [0x00000000e0000000, 0x00000000f2700000, 0x0000000100000000)
  eden space 211456K, 0% used [0x00000000e0000000,0x00000000e0000000,0x00000000ece80000)
  from space 38400K, 45% used [0x00000000ece80000,0x00000000edf64b08,0x00000000ef400000)
  to   space 28160K, 0% used [0x00000000ef400000,0x00000000ef400000,0x00000000f0f80000)
 ParOldGen       total 138240K, used 65589K [0x00000000a0000000, 0x00000000a8700000, 0x00000000e0000000)
  object space 138240K, 47% used [0x00000000a0000000,0x00000000a400d5b8,0x00000000a8700000)
 Metaspace       used 82721K, capacity 85828K, committed 86016K, reserved 1124352K
  class space    used 10538K, capacity 11232K, committed 11264K, reserved 1048576K
}
Event: 431.316 GC heap before
{Heap before GC invocations=30 (full 6):
 PSYoungGen      total 249856K, used 228754K [0x00000000e0000000, 0x00000000f2700000, 0x0000000100000000)
  eden space 211456K, 100% used [0x00000000e0000000,0x00000000ece80000,0x00000000ece80000)
  from space 38400K, 45% used [0x00000000ece80000,0x00000000edf64b08,0x00000000ef400000)
  to   space 28160K, 0% used [0x00000000ef400000,0x00000000ef400000,0x00000000f0f80000)
 ParOldGen       total 138240K, used 65589K [0x00000000a0000000, 0x00000000a8700000, 0x00000000e0000000)
  object space 138240K, 47% used [0x00000000a0000000,0x00000000a400d5b8,0x00000000a8700000)
 Metaspace       used 83669K, capacity 86786K, committed 86912K, reserved 1124352K
  class space    used 10623K, capacity 11321K, committed 11392K, reserved 1048576K
Event: 431.341 GC heap after
Heap after GC invocations=30 (full 6):
 PSYoungGen      total 239616K, used 10704K [0x00000000e0000000, 0x00000000f2700000, 0x0000000100000000)
  eden space 211456K, 0% used [0x00000000e0000000,0x00000000e0000000,0x00000000ece80000)
  from space 28160K, 38% used [0x00000000ef400000,0x00000000efe74190,0x00000000f0f80000)
  to   space 38400K, 0% used [0x00000000ece80000,0x00000000ece80000,0x00000000ef400000)
 ParOldGen       total 138240K, used 65597K [0x00000000a0000000, 0x00000000a8700000, 0x00000000e0000000)
  object space 138240K, 47% used [0x00000000a0000000,0x00000000a400f5b8,0x00000000a8700000)
 Metaspace       used 83669K, capacity 86786K, committed 86912K, reserved 1124352K
  class space    used 10623K, capacity 11321K, committed 11392K, reserved 1048576K
}
Event: 446.536 GC heap before
{Heap before GC invocations=31 (full 6):
 PSYoungGen      total 239616K, used 222160K [0x00000000e0000000, 0x00000000f2700000, 0x0000000100000000)
  eden space 211456K, 100% used [0x00000000e0000000,0x00000000ece80000,0x00000000ece80000)
  from space 28160K, 38% used [0x00000000ef400000,0x00000000efe74190,0x00000000f0f80000)
  to   space 38400K, 0% used [0x00000000ece80000,0x00000000ece80000,0x00000000ef400000)
 ParOldGen       total 138240K, used 65597K [0x00000000a0000000, 0x00000000a8700000, 0x00000000e0000000)
  object space 138240K, 47% used [0x00000000a0000000,0x00000000a400f5b8,0x00000000a8700000)
 Metaspace       used 84231K, capacity 87342K, committed 87424K, reserved 1126400K
  class space    used 10644K, capacity 11323K, committed 11392K, reserved 1048576K
Event: 446.587 GC heap after
Heap after GC invocations=31 (full 6):
 PSYoungGen      total 249856K, used 12152K [0x00000000e0000000, 0x00000000f3180000, 0x0000000100000000)
  eden space 211456K, 0% used [0x00000000e0000000,0x00000000e0000000,0x00000000ece80000)
  from space 38400K, 31% used [0x00000000ece80000,0x00000000eda5e310,0x00000000ef400000)
  to   space 41472K, 0% used [0x00000000f0900000,0x00000000f0900000,0x00000000f3180000)
 ParOldGen       total 138240K, used 65597K [0x00000000a0000000, 0x00000000a8700000, 0x00000000e0000000)
  object space 138240K, 47% used [0x00000000a0000000,0x00000000a400f5b8,0x00000000a8700000)
 Metaspace       used 84231K, capacity 87342K, committed 87424K, reserved 1126400K
  class space    used 10644K, capacity 11323K, committed 11392K, reserved 1048576K
}

