# JRE version: OpenJDK Runtime Environment (8.0_152-b01) (build 1.8.0_152-release-1343-b01)
# Java VM: OpenJDK 64-Bit Server VM (25.152-b01 mixed mode windows-amd64 compressed oops)
Heap:
 PSYoungGen      total 127488K, used 81839K [0x00000000e0000000, 0x00000000e9000000, 0x0000000100000000)
  eden space 112640K, 63% used [0x00000000e0000000,0x00000000e4644940,0x00000000e6e00000)
  from space 14848K, 66% used [0x00000000e6e00000,0x00000000e77a7498,0x00000000e7c80000)
  to   space 15360K, 0% used [0x00000000e8100000,0x00000000e8100000,0x00000000e9000000)
 ParOldGen       total 49664K, used 22210K [0x00000000a0000000, 0x00000000a3080000, 0x00000000e0000000)
  object space 49664K, 44% used [0x00000000a0000000,0x00000000a15b0b58,0x00000000a3080000)
 Metaspace       used 54823K, capacity 56364K, committed 56496K, reserved 1099776K
  class space    used 7537K, capacity 7985K, committed 8112K, reserved 1048576K
GC Heap History (10 events):
Event: 26.637 GC heap before
{Heap before GC invocations=13 (full 2):
 PSYoungGen      total 126464K, used 94782K [0x00000000e0000000, 0x00000000eb380000, 0x0000000100000000)
  eden space 115200K, 82% used [0x00000000e0000000,0x00000000e5c8f978,0x00000000e7080000)
  from space 11264K, 0% used [0x00000000e7c80000,0x00000000e7c80000,0x00000000e8780000)
  to   space 12288K, 0% used [0x00000000e7080000,0x00000000e7080000,0x00000000e7c80000)
 ParOldGen       total 49664K, used 16059K [0x00000000a0000000, 0x00000000a3080000, 0x00000000e0000000)
  object space 49664K, 32% used [0x00000000a0000000,0x00000000a0faee78,0x00000000a3080000)
 Metaspace       used 42183K, capacity 43106K, committed 43312K, reserved 1091584K
  class space    used 5728K, capacity 6068K, committed 6192K, reserved 1048576K
Event: 26.675 GC heap after
Heap after GC invocations=13 (full 2):
 PSYoungGen      total 127488K, used 12282K [0x00000000e0000000, 0x00000000eb380000, 0x0000000100000000)
  eden space 115200K, 0% used [0x00000000e0000000,0x00000000e0000000,0x00000000e7080000)
  from space 12288K, 99% used [0x00000000e7080000,0x00000000e7c7eb60,0x00000000e7c80000)
  to   space 11264K, 0% used [0x00000000e7c80000,0x00000000e7c80000,0x00000000e8780000)
 ParOldGen       total 49664K, used 17500K [0x00000000a0000000, 0x00000000a3080000, 0x00000000e0000000)
  object space 49664K, 35% used [0x00000000a0000000,0x00000000a1117180,0x00000000a3080000)
 Metaspace       used 42183K, capacity 43106K, committed 43312K, reserved 1091584K
  class space    used 5728K, capacity 6068K, committed 6192K, reserved 1048576K
}
Event: 26.675 GC heap before
{Heap before GC invocations=14 (full 3):
 PSYoungGen      total 127488K, used 12282K [0x00000000e0000000, 0x00000000eb380000, 0x0000000100000000)
  eden space 115200K, 0% used [0x00000000e0000000,0x00000000e0000000,0x00000000e7080000)
  from space 12288K, 99% used [0x00000000e7080000,0x00000000e7c7eb60,0x00000000e7c80000)
  to   space 11264K, 0% used [0x00000000e7c80000,0x00000000e7c80000,0x00000000e8780000)
 ParOldGen       total 49664K, used 17500K [0x00000000a0000000, 0x00000000a3080000, 0x00000000e0000000)
  object space 49664K, 35% used [0x00000000a0000000,0x00000000a1117180,0x00000000a3080000)
 Metaspace       used 42183K, capacity 43106K, committed 43312K, reserved 1091584K
  class space    used 5728K, capacity 6068K, committed 6192K, reserved 1048576K
Event: 27.037 GC heap after
Heap after GC invocations=14 (full 3):
 PSYoungGen      total 127488K, used 0K [0x00000000e0000000, 0x00000000eb380000, 0x0000000100000000)
  eden space 115200K, 0% used [0x00000000e0000000,0x00000000e0000000,0x00000000e7080000)
  from space 12288K, 0% used [0x00000000e7080000,0x00000000e7080000,0x00000000e7c80000)
  to   space 11264K, 0% used [0x00000000e7c80000,0x00000000e7c80000,0x00000000e8780000)
 ParOldGen       total 49664K, used 27574K [0x00000000a0000000, 0x00000000a3080000, 0x00000000e0000000)
  object space 49664K, 55% used [0x00000000a0000000,0x00000000a1aed8a0,0x00000000a3080000)
 Metaspace       used 42183K, capacity 43106K, committed 43312K, reserved 1089536K
  class space    used 5728K, capacity 6068K, committed 6192K, reserved 1048576K
}
Event: 27.037 GC heap before
{Heap before GC invocations=15 (full 3):
 PSYoungGen      total 127488K, used 0K [0x00000000e0000000, 0x00000000eb380000, 0x0000000100000000)
  eden space 115200K, 0% used [0x00000000e0000000,0x00000000e0000000,0x00000000e7080000)
  from space 12288K, 0% used [0x00000000e7080000,0x00000000e7080000,0x00000000e7c80000)
  to   space 11264K, 0% used [0x00000000e7c80000,0x00000000e7c80000,0x00000000e8780000)
 ParOldGen       total 49664K, used 27574K [0x00000000a0000000, 0x00000000a3080000, 0x00000000e0000000)
  object space 49664K, 55% used [0x00000000a0000000,0x00000000a1aed8a0,0x00000000a3080000)
 Metaspace       used 42183K, capacity 43106K, committed 43312K, reserved 1093632K
  class space    used 5728K, capacity 6068K, committed 6192K, reserved 1048576K
Event: 27.039 GC heap after
Heap after GC invocations=15 (full 3):
 PSYoungGen      total 123904K, used 0K [0x00000000e0000000, 0x00000000e9e00000, 0x0000000100000000)
  eden space 112640K, 0% used [0x00000000e0000000,0x00000000e0000000,0x00000000e6e00000)
  from space 11264K, 0% used [0x00000000e7c80000,0x00000000e7c80000,0x00000000e8780000)
  to   space 14848K, 0% used [0x00000000e6e00000,0x00000000e6e00000,0x00000000e7c80000)
 ParOldGen       total 49664K, used 27574K [0x00000000a0000000, 0x00000000a3080000, 0x00000000e0000000)
  object space 49664K, 55% used [0x00000000a0000000,0x00000000a1aed8a0,0x00000000a3080000)
 Metaspace       used 42183K, capacity 43106K, committed 43312K, reserved 1093632K
  class space    used 5728K, capacity 6068K, committed 6192K, reserved 1048576K
}
Event: 27.039 GC heap before
{Heap before GC invocations=16 (full 4):
 PSYoungGen      total 123904K, used 0K [0x00000000e0000000, 0x00000000e9e00000, 0x0000000100000000)
  eden space 112640K, 0% used [0x00000000e0000000,0x00000000e0000000,0x00000000e6e00000)
  from space 11264K, 0% used [0x00000000e7c80000,0x00000000e7c80000,0x00000000e8780000)
  to   space 14848K, 0% used [0x00000000e6e00000,0x00000000e6e00000,0x00000000e7c80000)
 ParOldGen       total 49664K, used 27574K [0x00000000a0000000, 0x00000000a3080000, 0x00000000e0000000)
  object space 49664K, 55% used [0x00000000a0000000,0x00000000a1aed8a0,0x00000000a3080000)
 Metaspace       used 42183K, capacity 43106K, committed 43312K, reserved 1093632K
  class space    used 5728K, capacity 6068K, committed 6192K, reserved 1048576K
Event: 27.290 GC heap after
Heap after GC invocations=16 (full 4):
 PSYoungGen      total 123904K, used 0K [0x00000000e0000000, 0x00000000e9e00000, 0x0000000100000000)
  eden space 112640K, 0% used [0x00000000e0000000,0x00000000e0000000,0x00000000e6e00000)
  from space 11264K, 0% used [0x00000000e7c80000,0x00000000e7c80000,0x00000000e8780000)
  to   space 14848K, 0% used [0x00000000e6e00000,0x00000000e6e00000,0x00000000e7c80000)
 ParOldGen       total 49664K, used 22138K [0x00000000a0000000, 0x00000000a3080000, 0x00000000e0000000)
  object space 49664K, 44% used [0x00000000a0000000,0x00000000a159eb48,0x00000000a3080000)
 Metaspace       used 41910K, capacity 42650K, committed 43312K, reserved 1089536K
  class space    used 5674K, capacity 5970K, committed 6192K, reserved 1048576K
}
Event: 31.245 GC heap before
{Heap before GC invocations=17 (full 4):
 PSYoungGen      total 123904K, used 112640K [0x00000000e0000000, 0x00000000e9e00000, 0x0000000100000000)
  eden space 112640K, 100% used [0x00000000e0000000,0x00000000e6e00000,0x00000000e6e00000)
  from space 11264K, 0% used [0x00000000e7c80000,0x00000000e7c80000,0x00000000e8780000)
  to   space 14848K, 0% used [0x00000000e6e00000,0x00000000e6e00000,0x00000000e7c80000)
 ParOldGen       total 49664K, used 22138K [0x00000000a0000000, 0x00000000a3080000, 0x00000000e0000000)
  object space 49664K, 44% used [0x00000000a0000000,0x00000000a159eb48,0x00000000a3080000)
 Metaspace       used 51698K, capacity 52956K, committed 53296K, reserved 1097728K
  class space    used 7006K, capacity 7357K, committed 7472K, reserved 1048576K
Event: 31.267 GC heap after
Heap after GC invocations=17 (full 4):
 PSYoungGen      total 127488K, used 9885K [0x00000000e0000000, 0x00000000e9000000, 0x0000000100000000)
  eden space 112640K, 0% used [0x00000000e0000000,0x00000000e0000000,0x00000000e6e00000)
  from space 14848K, 66% used [0x00000000e6e00000,0x00000000e77a7498,0x00000000e7c80000)
  to   space 15360K, 0% used [0x00000000e8100000,0x00000000e8100000,0x00000000e9000000)
 ParOldGen       total 49664K, used 22210K [0x00000000a0000000, 0x00000000a3080000, 0x00000000e0000000)
  object space 49664K, 44% used [0x00000000a0000000,0x00000000a15b0b58,0x00000000a3080000)
 Metaspace       used 51698K, capacity 52956K, committed 53296K, reserved 1097728K
  class space    used 7006K, capacity 7357K, committed 7472K, reserved 1048576K
}

