# JRE version: OpenJDK Runtime Environment (8.0_152-b01) (build 1.8.0_152-release-1343-b01)
# Java VM: OpenJDK 64-Bit Server VM (25.152-b01 mixed mode windows-amd64 compressed oops)
Heap:
 PSYoungGen      total 326144K, used 29683K [0x00000000e0000000, 0x00000000f7e00000, 0x0000000100000000)
  eden space 296448K, 0% used [0x00000000e0000000,0x00000000e0000000,0x00000000f2180000)
  from space 29696K, 99% used [0x00000000f2180000,0x00000000f3e7cc30,0x00000000f3e80000)
  to   space 41472K, 0% used [0x00000000f5580000,0x00000000f5580000,0x00000000f7e00000)
 ParOldGen       total 81408K, used 75323K [0x00000000a0000000, 0x00000000a4f80000, 0x00000000e0000000)
  object space 81408K, 92% used [0x00000000a0000000,0x00000000a498ede8,0x00000000a4f80000)
 Metaspace       used 88606K, capacity 92456K, committed 92568K, reserved 1130496K
  class space    used 11211K, capacity 12094K, committed 12200K, reserved 1048576K
GC Heap History (10 events):
Event: 241.624 GC heap after
Heap after GC invocations=25 (full 6):
 PSYoungGen      total 281088K, used 17237K [0x00000000e0000000, 0x00000000f5780000, 0x0000000100000000)
  eden space 260096K, 0% used [0x00000000e0000000,0x00000000e0000000,0x00000000efe00000)
  from space 20992K, 82% used [0x00000000efe00000,0x00000000f0ed5490,0x00000000f1280000)
  to   space 23040K, 0% used [0x00000000f4100000,0x00000000f4100000,0x00000000f5780000)
 ParOldGen       total 81408K, used 53612K [0x00000000a0000000, 0x00000000a4f80000, 0x00000000e0000000)
  object space 81408K, 65% used [0x00000000a0000000,0x00000000a345b1f8,0x00000000a4f80000)
 Metaspace       used 75789K, capacity 78428K, committed 78616K, reserved 1118208K
  class space    used 9820K, capacity 10470K, committed 10536K, reserved 1048576K
}
Event: 1316.483 GC heap before
{Heap before GC invocations=26 (full 6):
 PSYoungGen      total 281088K, used 277333K [0x00000000e0000000, 0x00000000f5780000, 0x0000000100000000)
  eden space 260096K, 100% used [0x00000000e0000000,0x00000000efe00000,0x00000000efe00000)
  from space 20992K, 82% used [0x00000000efe00000,0x00000000f0ed5490,0x00000000f1280000)
  to   space 23040K, 0% used [0x00000000f4100000,0x00000000f4100000,0x00000000f5780000)
 ParOldGen       total 81408K, used 53612K [0x00000000a0000000, 0x00000000a4f80000, 0x00000000e0000000)
  object space 81408K, 65% used [0x00000000a0000000,0x00000000a345b1f8,0x00000000a4f80000)
 Metaspace       used 77561K, capacity 80484K, committed 80792K, reserved 1120256K
  class space    used 9947K, capacity 10662K, committed 10664K, reserved 1048576K
Event: 1316.545 GC heap after
Heap after GC invocations=26 (full 6):
 PSYoungGen      total 307712K, used 23038K [0x00000000e0000000, 0x00000000f5780000, 0x0000000100000000)
  eden space 284672K, 0% used [0x00000000e0000000,0x00000000e0000000,0x00000000f1600000)
  from space 23040K, 99% used [0x00000000f4100000,0x00000000f577fab8,0x00000000f5780000)
  to   space 28160K, 0% used [0x00000000f2080000,0x00000000f2080000,0x00000000f3c00000)
 ParOldGen       total 81408K, used 56632K [0x00000000a0000000, 0x00000000a4f80000, 0x00000000e0000000)
  object space 81408K, 69% used [0x00000000a0000000,0x00000000a374e2a8,0x00000000a4f80000)
 Metaspace       used 77561K, capacity 80484K, committed 80792K, reserved 1120256K
  class space    used 9947K, capacity 10662K, committed 10664K, reserved 1048576K
}
Event: 1381.480 GC heap before
{Heap before GC invocations=27 (full 6):
 PSYoungGen      total 307712K, used 307710K [0x00000000e0000000, 0x00000000f5780000, 0x0000000100000000)
  eden space 284672K, 100% used [0x00000000e0000000,0x00000000f1600000,0x00000000f1600000)
  from space 23040K, 99% used [0x00000000f4100000,0x00000000f577fab8,0x00000000f5780000)
  to   space 28160K, 0% used [0x00000000f2080000,0x00000000f2080000,0x00000000f3c00000)
 ParOldGen       total 81408K, used 56632K [0x00000000a0000000, 0x00000000a4f80000, 0x00000000e0000000)
  object space 81408K, 69% used [0x00000000a0000000,0x00000000a374e2a8,0x00000000a4f80000)
 Metaspace       used 77865K, capacity 80756K, committed 80920K, reserved 1120256K
  class space    used 9962K, capacity 10686K, committed 10792K, reserved 1048576K
Event: 1381.507 GC heap after
Heap after GC invocations=27 (full 6):
 PSYoungGen      total 323584K, used 9648K [0x00000000e0000000, 0x00000000f5f00000, 0x0000000100000000)
  eden space 295424K, 0% used [0x00000000e0000000,0x00000000e0000000,0x00000000f2080000)
  from space 28160K, 34% used [0x00000000f2080000,0x00000000f29ec0a0,0x00000000f3c00000)
  to   space 26624K, 0% used [0x00000000f4500000,0x00000000f4500000,0x00000000f5f00000)
 ParOldGen       total 81408K, used 56640K [0x00000000a0000000, 0x00000000a4f80000, 0x00000000e0000000)
  object space 81408K, 69% used [0x00000000a0000000,0x00000000a37502a8,0x00000000a4f80000)
 Metaspace       used 77865K, capacity 80756K, committed 80920K, reserved 1120256K
  class space    used 9962K, capacity 10686K, committed 10792K, reserved 1048576K
}
Event: 1446.909 GC heap before
{Heap before GC invocations=28 (full 6):
 PSYoungGen      total 323584K, used 305072K [0x00000000e0000000, 0x00000000f5f00000, 0x0000000100000000)
  eden space 295424K, 100% used [0x00000000e0000000,0x00000000f2080000,0x00000000f2080000)
  from space 28160K, 34% used [0x00000000f2080000,0x00000000f29ec0a0,0x00000000f3c00000)
  to   space 26624K, 0% used [0x00000000f4500000,0x00000000f4500000,0x00000000f5f00000)
 ParOldGen       total 81408K, used 56640K [0x00000000a0000000, 0x00000000a4f80000, 0x00000000e0000000)
  object space 81408K, 69% used [0x00000000a0000000,0x00000000a37502a8,0x00000000a4f80000)
 Metaspace       used 87354K, capacity 91124K, committed 91288K, reserved 1128448K
  class space    used 11074K, capacity 11936K, committed 11944K, reserved 1048576K
Event: 1446.963 GC heap after
Heap after GC invocations=28 (full 6):
 PSYoungGen      total 305664K, used 22679K [0x00000000e0000000, 0x00000000f5b80000, 0x0000000100000000)
  eden space 282624K, 0% used [0x00000000e0000000,0x00000000e0000000,0x00000000f1400000)
  from space 23040K, 98% used [0x00000000f4500000,0x00000000f5b25ca8,0x00000000f5b80000)
  to   space 29696K, 0% used [0x00000000f2180000,0x00000000f2180000,0x00000000f3e80000)
 ParOldGen       total 81408K, used 56656K [0x00000000a0000000, 0x00000000a4f80000, 0x00000000e0000000)
  object space 81408K, 69% used [0x00000000a0000000,0x00000000a37542a8,0x00000000a4f80000)
 Metaspace       used 87354K, capacity 91124K, committed 91288K, reserved 1128448K
  class space    used 11074K, capacity 11936K, committed 11944K, reserved 1048576K
}
Event: 1452.430 GC heap before
{Heap before GC invocations=29 (full 6):
 PSYoungGen      total 305664K, used 305303K [0x00000000e0000000, 0x00000000f5b80000, 0x0000000100000000)
  eden space 282624K, 100% used [0x00000000e0000000,0x00000000f1400000,0x00000000f1400000)
  from space 23040K, 98% used [0x00000000f4500000,0x00000000f5b25ca8,0x00000000f5b80000)
  to   space 29696K, 0% used [0x00000000f2180000,0x00000000f2180000,0x00000000f3e80000)
 ParOldGen       total 81408K, used 56656K [0x00000000a0000000, 0x00000000a4f80000, 0x00000000e0000000)
  object space 81408K, 69% used [0x00000000a0000000,0x00000000a37542a8,0x00000000a4f80000)
 Metaspace       used 88606K, capacity 92456K, committed 92568K, reserved 1130496K
  class space    used 11211K, capacity 12094K, committed 12200K, reserved 1048576K
Event: 1452.561 GC heap after
Heap after GC invocations=29 (full 6):
 PSYoungGen      total 326144K, used 29683K [0x00000000e0000000, 0x00000000f7e00000, 0x0000000100000000)
  eden space 296448K, 0% used [0x00000000e0000000,0x00000000e0000000,0x00000000f2180000)
  from space 29696K, 99% used [0x00000000f2180000,0x00000000f3e7cc30,0x00000000f3e80000)
  to   space 41472K, 0% used [0x00000000f5580000,0x00000000f5580000,0x00000000f7e00000)
 ParOldGen       total 81408K, used 75323K [0x00000000a0000000, 0x00000000a4f80000, 0x00000000e0000000)
  object space 81408K, 92% used [0x00000000a0000000,0x00000000a498ede8,0x00000000a4f80000)
 Metaspace       used 88606K, capacity 92456K, committed 92568K, reserved 1130496K
  class space    used 11211K, capacity 12094K, committed 12200K, reserved 1048576K
}
Event: 1452.561 GC heap before
{Heap before GC invocations=30 (full 7):
 PSYoungGen      total 326144K, used 29683K [0x00000000e0000000, 0x00000000f7e00000, 0x0000000100000000)
  eden space 296448K, 0% used [0x00000000e0000000,0x00000000e0000000,0x00000000f2180000)
  from space 29696K, 99% used [0x00000000f2180000,0x00000000f3e7cc30,0x00000000f3e80000)
  to   space 41472K, 0% used [0x00000000f5580000,0x00000000f5580000,0x00000000f7e00000)
 ParOldGen       total 81408K, used 75323K [0x00000000a0000000, 0x00000000a4f80000, 0x00000000e0000000)
  object space 81408K, 92% used [0x00000000a0000000,0x00000000a498ede8,0x00000000a4f80000)
 Metaspace       used 88606K, capacity 92456K, committed 92568K, reserved 1130496K
  class space    used 11211K, capacity 12094K, committed 12200K, reserved 1048576K

