# JRE version: OpenJDK Runtime Environment (8.0_152-b01) (build 1.8.0_152-release-1343-b01)
# Java VM: OpenJDK 64-Bit Server VM (25.152-b01 mixed mode windows-amd64 compressed oops)
Heap:
 PSYoungGen      total 185344K, used 5283K [0x00000000e0000000, 0x00000000ec880000, 0x0000000100000000)
  eden space 173056K, 0% used [0x00000000e0000000,0x00000000e0000000,0x00000000ea900000)
  from space 12288K, 43% used [0x00000000eb400000,0x00000000eb928fc8,0x00000000ec000000)
  to   space 11264K, 0% used [0x00000000ea900000,0x00000000ea900000,0x00000000eb400000)
 ParOldGen       total 30208K, used 16265K [0x00000000a0000000, 0x00000000a1d80000, 0x00000000e0000000)
  object space 30208K, 53% used [0x00000000a0000000,0x00000000a0fe2788,0x00000000a1d80000)
 Metaspace       used 34727K, capacity 35274K, committed 35416K, reserved 1079296K
  class space    used 4837K, capacity 5065K, committed 5120K, reserved 1048576K
GC Heap History (10 events):
Event: 4.587 GC heap after
Heap after GC invocations=7 (full 0):
 PSYoungGen      total 67584K, used 7091K [0x00000000e0000000, 0x00000000e8700000, 0x0000000100000000)
  eden space 60416K, 0% used [0x00000000e0000000,0x00000000e0000000,0x00000000e3b00000)
  from space 7168K, 98% used [0x00000000e3b00000,0x00000000e41ecc38,0x00000000e4200000)
  to   space 8704K, 0% used [0x00000000e7e80000,0x00000000e7e80000,0x00000000e8700000)
 ParOldGen       total 40960K, used 6775K [0x00000000a0000000, 0x00000000a2800000, 0x00000000e0000000)
  object space 40960K, 16% used [0x00000000a0000000,0x00000000a069de20,0x00000000a2800000)
 Metaspace       used 20839K, capacity 21176K, committed 21248K, reserved 1067008K
  class space    used 2911K, capacity 3060K, committed 3072K, reserved 1048576K
}
Event: 4.587 GC heap before
{Heap before GC invocations=8 (full 1):
 PSYoungGen      total 67584K, used 7091K [0x00000000e0000000, 0x00000000e8700000, 0x0000000100000000)
  eden space 60416K, 0% used [0x00000000e0000000,0x00000000e0000000,0x00000000e3b00000)
  from space 7168K, 98% used [0x00000000e3b00000,0x00000000e41ecc38,0x00000000e4200000)
  to   space 8704K, 0% used [0x00000000e7e80000,0x00000000e7e80000,0x00000000e8700000)
 ParOldGen       total 40960K, used 6775K [0x00000000a0000000, 0x00000000a2800000, 0x00000000e0000000)
  object space 40960K, 16% used [0x00000000a0000000,0x00000000a069de20,0x00000000a2800000)
 Metaspace       used 20839K, capacity 21176K, committed 21248K, reserved 1067008K
  class space    used 2911K, capacity 3060K, committed 3072K, reserved 1048576K
Event: 4.655 GC heap after
Heap after GC invocations=8 (full 1):
 PSYoungGen      total 67584K, used 0K [0x00000000e0000000, 0x00000000e8700000, 0x0000000100000000)
  eden space 60416K, 0% used [0x00000000e0000000,0x00000000e0000000,0x00000000e3b00000)
  from space 7168K, 0% used [0x00000000e3b00000,0x00000000e3b00000,0x00000000e4200000)
  to   space 8704K, 0% used [0x00000000e7e80000,0x00000000e7e80000,0x00000000e8700000)
 ParOldGen       total 30208K, used 9270K [0x00000000a0000000, 0x00000000a1d80000, 0x00000000e0000000)
  object space 30208K, 30% used [0x00000000a0000000,0x00000000a090d8d8,0x00000000a1d80000)
 Metaspace       used 20839K, capacity 21176K, committed 21248K, reserved 1067008K
  class space    used 2911K, capacity 3060K, committed 3072K, reserved 1048576K
}
Event: 5.986 GC heap before
{Heap before GC invocations=9 (full 1):
 PSYoungGen      total 67584K, used 60416K [0x00000000e0000000, 0x00000000e8700000, 0x0000000100000000)
  eden space 60416K, 100% used [0x00000000e0000000,0x00000000e3b00000,0x00000000e3b00000)
  from space 7168K, 0% used [0x00000000e3b00000,0x00000000e3b00000,0x00000000e4200000)
  to   space 8704K, 0% used [0x00000000e7e80000,0x00000000e7e80000,0x00000000e8700000)
 ParOldGen       total 30208K, used 9270K [0x00000000a0000000, 0x00000000a1d80000, 0x00000000e0000000)
  object space 30208K, 30% used [0x00000000a0000000,0x00000000a090d8d8,0x00000000a1d80000)
 Metaspace       used 26718K, capacity 27110K, committed 27392K, reserved 1073152K
  class space    used 3638K, capacity 3815K, committed 3840K, reserved 1048576K
Event: 6.189 GC heap after
Heap after GC invocations=9 (full 1):
 PSYoungGen      total 120832K, used 6829K [0x00000000e0000000, 0x00000000e8580000, 0x0000000100000000)
  eden space 113664K, 0% used [0x00000000e0000000,0x00000000e0000000,0x00000000e6f00000)
  from space 7168K, 95% used [0x00000000e7e80000,0x00000000e852b4a0,0x00000000e8580000)
  to   space 9216K, 0% used [0x00000000e7380000,0x00000000e7380000,0x00000000e7c80000)
 ParOldGen       total 30208K, used 9278K [0x00000000a0000000, 0x00000000a1d80000, 0x00000000e0000000)
  object space 30208K, 30% used [0x00000000a0000000,0x00000000a090f8d8,0x00000000a1d80000)
 Metaspace       used 26718K, capacity 27110K, committed 27392K, reserved 1073152K
  class space    used 3638K, capacity 3815K, committed 3840K, reserved 1048576K
}
Event: 27.957 GC heap before
{Heap before GC invocations=10 (full 1):
 PSYoungGen      total 120832K, used 120493K [0x00000000e0000000, 0x00000000e8580000, 0x0000000100000000)
  eden space 113664K, 100% used [0x00000000e0000000,0x00000000e6f00000,0x00000000e6f00000)
  from space 7168K, 95% used [0x00000000e7e80000,0x00000000e852b4a0,0x00000000e8580000)
  to   space 9216K, 0% used [0x00000000e7380000,0x00000000e7380000,0x00000000e7c80000)
 ParOldGen       total 30208K, used 9278K [0x00000000a0000000, 0x00000000a1d80000, 0x00000000e0000000)
  object space 30208K, 30% used [0x00000000a0000000,0x00000000a090f8d8,0x00000000a1d80000)
 Metaspace       used 34247K, capacity 34826K, committed 35072K, reserved 1079296K
  class space    used 4780K, capacity 5001K, committed 5120K, reserved 1048576K
Event: 27.992 GC heap after
Heap after GC invocations=10 (full 1):
 PSYoungGen      total 127488K, used 9202K [0x00000000e0000000, 0x00000000ec000000, 0x0000000100000000)
  eden space 118272K, 0% used [0x00000000e0000000,0x00000000e0000000,0x00000000e7380000)
  from space 9216K, 99% used [0x00000000e7380000,0x00000000e7c7c8c8,0x00000000e7c80000)
  to   space 12288K, 0% used [0x00000000eb400000,0x00000000eb400000,0x00000000ec000000)
 ParOldGen       total 30208K, used 13409K [0x00000000a0000000, 0x00000000a1d80000, 0x00000000e0000000)
  object space 30208K, 44% used [0x00000000a0000000,0x00000000a0d18418,0x00000000a1d80000)
 Metaspace       used 34247K, capacity 34826K, committed 35072K, reserved 1079296K
  class space    used 4780K, capacity 5001K, committed 5120K, reserved 1048576K
}
Event: 28.109 GC heap before
{Heap before GC invocations=11 (full 1):
 PSYoungGen      total 127488K, used 13324K [0x00000000e0000000, 0x00000000ec000000, 0x0000000100000000)
  eden space 118272K, 3% used [0x00000000e0000000,0x00000000e0406b28,0x00000000e7380000)
  from space 9216K, 99% used [0x00000000e7380000,0x00000000e7c7c8c8,0x00000000e7c80000)
  to   space 12288K, 0% used [0x00000000eb400000,0x00000000eb400000,0x00000000ec000000)
 ParOldGen       total 30208K, used 13409K [0x00000000a0000000, 0x00000000a1d80000, 0x00000000e0000000)
  object space 30208K, 44% used [0x00000000a0000000,0x00000000a0d18418,0x00000000a1d80000)
 Metaspace       used 34727K, capacity 35274K, committed 35416K, reserved 1079296K
  class space    used 4837K, capacity 5065K, committed 5120K, reserved 1048576K
Event: 28.157 GC heap after
Heap after GC invocations=11 (full 1):
 PSYoungGen      total 185344K, used 5283K [0x00000000e0000000, 0x00000000ec880000, 0x0000000100000000)
  eden space 173056K, 0% used [0x00000000e0000000,0x00000000e0000000,0x00000000ea900000)
  from space 12288K, 43% used [0x00000000eb400000,0x00000000eb928fc8,0x00000000ec000000)
  to   space 11264K, 0% used [0x00000000ea900000,0x00000000ea900000,0x00000000eb400000)
 ParOldGen       total 30208K, used 16265K [0x00000000a0000000, 0x00000000a1d80000, 0x00000000e0000000)
  object space 30208K, 53% used [0x00000000a0000000,0x00000000a0fe2788,0x00000000a1d80000)
 Metaspace       used 34727K, capacity 35274K, committed 35416K, reserved 1079296K
  class space    used 4837K, capacity 5065K, committed 5120K, reserved 1048576K
}
Event: 28.157 GC heap before
{Heap before GC invocations=12 (full 2):
 PSYoungGen      total 185344K, used 5283K [0x00000000e0000000, 0x00000000ec880000, 0x0000000100000000)
  eden space 173056K, 0% used [0x00000000e0000000,0x00000000e0000000,0x00000000ea900000)
  from space 12288K, 43% used [0x00000000eb400000,0x00000000eb928fc8,0x00000000ec000000)
  to   space 11264K, 0% used [0x00000000ea900000,0x00000000ea900000,0x00000000eb400000)
 ParOldGen       total 30208K, used 16265K [0x00000000a0000000, 0x00000000a1d80000, 0x00000000e0000000)
  object space 30208K, 53% used [0x00000000a0000000,0x00000000a0fe2788,0x00000000a1d80000)
 Metaspace       used 34727K, capacity 35274K, committed 35416K, reserved 1079296K
  class space    used 4837K, capacity 5065K, committed 5120K, reserved 1048576K

