# JRE version: OpenJDK Runtime Environment (8.0_152-b01) (build 1.8.0_152-release-1343-b01)
# Java VM: OpenJDK 64-Bit Server VM (25.152-b01 mixed mode windows-amd64 compressed oops)
Heap:
 PSYoungGen      total 138240K, used 124313K [0x00000000e0000000, 0x00000000ea500000, 0x0000000100000000)
  eden space 126464K, 98% used [0x00000000e0000000,0x00000000e7966478,0x00000000e7b80000)
  from space 11776K, 0% used [0x00000000e8a80000,0x00000000e8a80000,0x00000000e9600000)
  to   space 15360K, 0% used [0x00000000e7b80000,0x00000000e7b80000,0x00000000e8a80000)
 ParOldGen       total 45056K, used 20635K [0x00000000a0000000, 0x00000000a2c00000, 0x00000000e0000000)
  object space 45056K, 45% used [0x00000000a0000000,0x00000000a1426d98,0x00000000a2c00000)
 Metaspace       used 56666K, capacity 58226K, committed 58544K, reserved 1101824K
  class space    used 7585K, capacity 8032K, committed 8112K, reserved 1048576K
GC Heap History (10 events):
Event: 25.345 GC heap before
{Heap before GC invocations=15 (full 3):
 PSYoungGen      total 142336K, used 3048K [0x00000000e0000000, 0x00000000eb400000, 0x0000000100000000)
  eden space 130560K, 0% used [0x00000000e0000000,0x00000000e0000000,0x00000000e7f80000)
  from space 11776K, 25% used [0x00000000e8a80000,0x00000000e8d7a2f0,0x00000000e9600000)
  to   space 11264K, 0% used [0x00000000e7f80000,0x00000000e7f80000,0x00000000e8a80000)
 ParOldGen       total 45056K, used 31062K [0x00000000a0000000, 0x00000000a2c00000, 0x00000000e0000000)
  object space 45056K, 68% used [0x00000000a0000000,0x00000000a1e55ba0,0x00000000a2c00000)
 Metaspace       used 49100K, capacity 50118K, committed 50224K, reserved 1097728K
  class space    used 6604K, capacity 6956K, committed 6960K, reserved 1048576K
Event: 25.724 GC heap after
Heap after GC invocations=15 (full 3):
 PSYoungGen      total 142336K, used 0K [0x00000000e0000000, 0x00000000eb400000, 0x0000000100000000)
  eden space 130560K, 0% used [0x00000000e0000000,0x00000000e0000000,0x00000000e7f80000)
  from space 11776K, 0% used [0x00000000e8a80000,0x00000000e8a80000,0x00000000e9600000)
  to   space 11264K, 0% used [0x00000000e7f80000,0x00000000e7f80000,0x00000000e8a80000)
 ParOldGen       total 45056K, used 26452K [0x00000000a0000000, 0x00000000a2c00000, 0x00000000e0000000)
  object space 45056K, 58% used [0x00000000a0000000,0x00000000a19d5048,0x00000000a2c00000)
 Metaspace       used 49100K, capacity 50118K, committed 50224K, reserved 1095680K
  class space    used 6604K, capacity 6956K, committed 6960K, reserved 1048576K
}
Event: 25.724 GC heap before
{Heap before GC invocations=16 (full 3):
 PSYoungGen      total 142336K, used 0K [0x00000000e0000000, 0x00000000eb400000, 0x0000000100000000)
  eden space 130560K, 0% used [0x00000000e0000000,0x00000000e0000000,0x00000000e7f80000)
  from space 11776K, 0% used [0x00000000e8a80000,0x00000000e8a80000,0x00000000e9600000)
  to   space 11264K, 0% used [0x00000000e7f80000,0x00000000e7f80000,0x00000000e8a80000)
 ParOldGen       total 45056K, used 26452K [0x00000000a0000000, 0x00000000a2c00000, 0x00000000e0000000)
  object space 45056K, 58% used [0x00000000a0000000,0x00000000a19d5048,0x00000000a2c00000)
 Metaspace       used 49100K, capacity 50118K, committed 50224K, reserved 1099776K
  class space    used 6604K, capacity 6956K, committed 6960K, reserved 1048576K
Event: 25.727 GC heap after
Heap after GC invocations=16 (full 3):
 PSYoungGen      total 141824K, used 0K [0x00000000e0000000, 0x00000000eb400000, 0x0000000100000000)
  eden space 130560K, 0% used [0x00000000e0000000,0x00000000e0000000,0x00000000e7f80000)
  from space 11264K, 0% used [0x00000000e7f80000,0x00000000e7f80000,0x00000000e8a80000)
  to   space 11776K, 0% used [0x00000000e8a80000,0x00000000e8a80000,0x00000000e9600000)
 ParOldGen       total 45056K, used 26452K [0x00000000a0000000, 0x00000000a2c00000, 0x00000000e0000000)
  object space 45056K, 58% used [0x00000000a0000000,0x00000000a19d5048,0x00000000a2c00000)
 Metaspace       used 49100K, capacity 50118K, committed 50224K, reserved 1099776K
  class space    used 6604K, capacity 6956K, committed 6960K, reserved 1048576K
}
Event: 25.727 GC heap before
{Heap before GC invocations=17 (full 4):
 PSYoungGen      total 141824K, used 0K [0x00000000e0000000, 0x00000000eb400000, 0x0000000100000000)
  eden space 130560K, 0% used [0x00000000e0000000,0x00000000e0000000,0x00000000e7f80000)
  from space 11264K, 0% used [0x00000000e7f80000,0x00000000e7f80000,0x00000000e8a80000)
  to   space 11776K, 0% used [0x00000000e8a80000,0x00000000e8a80000,0x00000000e9600000)
 ParOldGen       total 45056K, used 26452K [0x00000000a0000000, 0x00000000a2c00000, 0x00000000e0000000)
  object space 45056K, 58% used [0x00000000a0000000,0x00000000a19d5048,0x00000000a2c00000)
 Metaspace       used 49100K, capacity 50118K, committed 50224K, reserved 1099776K
  class space    used 6604K, capacity 6956K, committed 6960K, reserved 1048576K
Event: 25.992 GC heap after
Heap after GC invocations=17 (full 4):
 PSYoungGen      total 141824K, used 0K [0x00000000e0000000, 0x00000000eb400000, 0x0000000100000000)
  eden space 130560K, 0% used [0x00000000e0000000,0x00000000e0000000,0x00000000e7f80000)
  from space 11264K, 0% used [0x00000000e7f80000,0x00000000e7f80000,0x00000000e8a80000)
  to   space 11776K, 0% used [0x00000000e8a80000,0x00000000e8a80000,0x00000000e9600000)
 ParOldGen       total 45056K, used 20854K [0x00000000a0000000, 0x00000000a2c00000, 0x00000000e0000000)
  object space 45056K, 46% used [0x00000000a0000000,0x00000000a145db50,0x00000000a2c00000)
 Metaspace       used 48768K, capacity 49566K, committed 50224K, reserved 1095680K
  class space    used 6542K, capacity 6842K, committed 6960K, reserved 1048576K
}
Event: 25.994 GC heap before
{Heap before GC invocations=18 (full 4):
 PSYoungGen      total 141824K, used 2386K [0x00000000e0000000, 0x00000000eb400000, 0x0000000100000000)
  eden space 130560K, 1% used [0x00000000e0000000,0x00000000e02548b8,0x00000000e7f80000)
  from space 11264K, 0% used [0x00000000e7f80000,0x00000000e7f80000,0x00000000e8a80000)
  to   space 11776K, 0% used [0x00000000e8a80000,0x00000000e8a80000,0x00000000e9600000)
 ParOldGen       total 45056K, used 20854K [0x00000000a0000000, 0x00000000a2c00000, 0x00000000e0000000)
  object space 45056K, 46% used [0x00000000a0000000,0x00000000a145db50,0x00000000a2c00000)
 Metaspace       used 48768K, capacity 49566K, committed 50224K, reserved 1101824K
  class space    used 6542K, capacity 6842K, committed 6960K, reserved 1048576K
Event: 25.997 GC heap after
Heap after GC invocations=18 (full 4):
 PSYoungGen      total 138240K, used 96K [0x00000000e0000000, 0x00000000ea500000, 0x0000000100000000)
  eden space 126464K, 0% used [0x00000000e0000000,0x00000000e0000000,0x00000000e7b80000)
  from space 11776K, 0% used [0x00000000e8a80000,0x00000000e8a98000,0x00000000e9600000)
  to   space 15360K, 0% used [0x00000000e7b80000,0x00000000e7b80000,0x00000000e8a80000)
 ParOldGen       total 45056K, used 20854K [0x00000000a0000000, 0x00000000a2c00000, 0x00000000e0000000)
  object space 45056K, 46% used [0x00000000a0000000,0x00000000a145db50,0x00000000a2c00000)
 Metaspace       used 48768K, capacity 49566K, committed 50224K, reserved 1101824K
  class space    used 6542K, capacity 6842K, committed 6960K, reserved 1048576K
}
Event: 25.997 GC heap before
{Heap before GC invocations=19 (full 5):
 PSYoungGen      total 138240K, used 96K [0x00000000e0000000, 0x00000000ea500000, 0x0000000100000000)
  eden space 126464K, 0% used [0x00000000e0000000,0x00000000e0000000,0x00000000e7b80000)
  from space 11776K, 0% used [0x00000000e8a80000,0x00000000e8a98000,0x00000000e9600000)
  to   space 15360K, 0% used [0x00000000e7b80000,0x00000000e7b80000,0x00000000e8a80000)
 ParOldGen       total 45056K, used 20854K [0x00000000a0000000, 0x00000000a2c00000, 0x00000000e0000000)
  object space 45056K, 46% used [0x00000000a0000000,0x00000000a145db50,0x00000000a2c00000)
 Metaspace       used 48768K, capacity 49566K, committed 50224K, reserved 1101824K
  class space    used 6542K, capacity 6842K, committed 6960K, reserved 1048576K
Event: 26.079 GC heap after
Heap after GC invocations=19 (full 5):
 PSYoungGen      total 138240K, used 0K [0x00000000e0000000, 0x00000000ea500000, 0x0000000100000000)
  eden space 126464K, 0% used [0x00000000e0000000,0x00000000e0000000,0x00000000e7b80000)
  from space 11776K, 0% used [0x00000000e8a80000,0x00000000e8a80000,0x00000000e9600000)
  to   space 15360K, 0% used [0x00000000e7b80000,0x00000000e7b80000,0x00000000e8a80000)
 ParOldGen       total 45056K, used 20635K [0x00000000a0000000, 0x00000000a2c00000, 0x00000000e0000000)
  object space 45056K, 45% used [0x00000000a0000000,0x00000000a1426d98,0x00000000a2c00000)
 Metaspace       used 48768K, capacity 49566K, committed 50224K, reserved 1095680K
  class space    used 6542K, capacity 6842K, committed 6960K, reserved 1048576K
}

