# JRE version: OpenJDK Runtime Environment (8.0_152-b01) (build 1.8.0_152-release-1343-b01)
# Java VM: OpenJDK 64-Bit Server VM (25.152-b01 mixed mode windows-amd64 compressed oops)
Heap:
 PSYoungGen      total 204288K, used 25073K [0x00000000e0000000, 0x00000000f2580000, 0x0000000100000000)
  eden space 187904K, 13% used [0x00000000e0000000,0x00000000e187c6b0,0x00000000eb780000)
  from space 16384K, 0% used [0x00000000eb780000,0x00000000eb780000,0x00000000ec780000)
  to   space 15872K, 0% used [0x00000000f1600000,0x00000000f1600000,0x00000000f2580000)
 ParOldGen       total 79872K, used 37590K [0x00000000a0000000, 0x00000000a4e00000, 0x00000000e0000000)
  object space 79872K, 47% used [0x00000000a0000000,0x00000000a24b5bc8,0x00000000a4e00000)
 Metaspace       used 57683K, capacity 59320K, committed 59520K, reserved 1099776K
  class space    used 7864K, capacity 8286K, committed 8320K, reserved 1048576K
GC Heap History (10 events):
Event: 24.069 GC heap before
{Heap before GC invocations=12 (full 2):
 PSYoungGen      total 142848K, used 6771K [0x00000000e0000000, 0x00000000eb900000, 0x0000000100000000)
  eden space 131584K, 0% used [0x00000000e0000000,0x00000000e0000000,0x00000000e8080000)
  from space 11264K, 60% used [0x00000000e8b80000,0x00000000e921cca0,0x00000000e9680000)
  to   space 11264K, 0% used [0x00000000e8080000,0x00000000e8080000,0x00000000e8b80000)
 ParOldGen       total 33280K, used 14199K [0x00000000a0000000, 0x00000000a2080000, 0x00000000e0000000)
  object space 33280K, 42% used [0x00000000a0000000,0x00000000a0dddfd8,0x00000000a2080000)
 Metaspace       used 34748K, capacity 35274K, committed 35416K, reserved 1079296K
  class space    used 4837K, capacity 5065K, committed 5120K, reserved 1048576K
Event: 24.176 GC heap after
Heap after GC invocations=12 (full 2):
 PSYoungGen      total 142848K, used 0K [0x00000000e0000000, 0x00000000eb900000, 0x0000000100000000)
  eden space 131584K, 0% used [0x00000000e0000000,0x00000000e0000000,0x00000000e8080000)
  from space 11264K, 0% used [0x00000000e8b80000,0x00000000e8b80000,0x00000000e9680000)
  to   space 11264K, 0% used [0x00000000e8080000,0x00000000e8080000,0x00000000e8b80000)
 ParOldGen       total 45568K, used 15915K [0x00000000a0000000, 0x00000000a2c80000, 0x00000000e0000000)
  object space 45568K, 34% used [0x00000000a0000000,0x00000000a0f8aee8,0x00000000a2c80000)
 Metaspace       used 34748K, capacity 35274K, committed 35416K, reserved 1079296K
  class space    used 4837K, capacity 5065K, committed 5120K, reserved 1048576K
}
Event: 27.949 GC heap before
{Heap before GC invocations=13 (full 2):
 PSYoungGen      total 142848K, used 131584K [0x00000000e0000000, 0x00000000eb900000, 0x0000000100000000)
  eden space 131584K, 100% used [0x00000000e0000000,0x00000000e8080000,0x00000000e8080000)
  from space 11264K, 0% used [0x00000000e8b80000,0x00000000e8b80000,0x00000000e9680000)
  to   space 11264K, 0% used [0x00000000e8080000,0x00000000e8080000,0x00000000e8b80000)
 ParOldGen       total 45568K, used 15915K [0x00000000a0000000, 0x00000000a2c80000, 0x00000000e0000000)
  object space 45568K, 34% used [0x00000000a0000000,0x00000000a0f8aee8,0x00000000a2c80000)
 Metaspace       used 47524K, capacity 48402K, committed 48512K, reserved 1091584K
  class space    used 6440K, capacity 6742K, committed 6784K, reserved 1048576K
Event: 27.977 GC heap after
Heap after GC invocations=13 (full 2):
 PSYoungGen      total 142848K, used 11252K [0x00000000e0000000, 0x00000000ed680000, 0x0000000100000000)
  eden space 131584K, 0% used [0x00000000e0000000,0x00000000e0000000,0x00000000e8080000)
  from space 11264K, 99% used [0x00000000e8080000,0x00000000e8b7d1e0,0x00000000e8b80000)
  to   space 15360K, 0% used [0x00000000ec780000,0x00000000ec780000,0x00000000ed680000)
 ParOldGen       total 45568K, used 22056K [0x00000000a0000000, 0x00000000a2c80000, 0x00000000e0000000)
  object space 45568K, 48% used [0x00000000a0000000,0x00000000a158a2b8,0x00000000a2c80000)
 Metaspace       used 47524K, capacity 48402K, committed 48512K, reserved 1091584K
  class space    used 6440K, capacity 6742K, committed 6784K, reserved 1048576K
}
Event: 31.438 GC heap before
{Heap before GC invocations=14 (full 2):
 PSYoungGen      total 142848K, used 142836K [0x00000000e0000000, 0x00000000ed680000, 0x0000000100000000)
  eden space 131584K, 100% used [0x00000000e0000000,0x00000000e8080000,0x00000000e8080000)
  from space 11264K, 99% used [0x00000000e8080000,0x00000000e8b7d1e0,0x00000000e8b80000)
  to   space 15360K, 0% used [0x00000000ec780000,0x00000000ec780000,0x00000000ed680000)
 ParOldGen       total 45568K, used 22056K [0x00000000a0000000, 0x00000000a2c80000, 0x00000000e0000000)
  object space 45568K, 48% used [0x00000000a0000000,0x00000000a158a2b8,0x00000000a2c80000)
 Metaspace       used 54465K, capacity 56066K, committed 56320K, reserved 1097728K
  class space    used 7484K, capacity 7931K, committed 7936K, reserved 1048576K
Event: 31.564 GC heap after
Heap after GC invocations=14 (full 2):
 PSYoungGen      total 203264K, used 12802K [0x00000000e0000000, 0x00000000eda00000, 0x0000000100000000)
  eden space 187904K, 0% used [0x00000000e0000000,0x00000000e0000000,0x00000000eb780000)
  from space 15360K, 83% used [0x00000000ec780000,0x00000000ed400858,0x00000000ed680000)
  to   space 16384K, 0% used [0x00000000eb780000,0x00000000eb780000,0x00000000ec780000)
 ParOldGen       total 45568K, used 31732K [0x00000000a0000000, 0x00000000a2c80000, 0x00000000e0000000)
  object space 45568K, 69% used [0x00000000a0000000,0x00000000a1efd140,0x00000000a2c80000)
 Metaspace       used 54465K, capacity 56066K, committed 56320K, reserved 1097728K
  class space    used 7484K, capacity 7931K, committed 7936K, reserved 1048576K
}
Event: 37.833 GC heap before
{Heap before GC invocations=15 (full 2):
 PSYoungGen      total 203264K, used 100828K [0x00000000e0000000, 0x00000000eda00000, 0x0000000100000000)
  eden space 187904K, 46% used [0x00000000e0000000,0x00000000e55f6a60,0x00000000eb780000)
  from space 15360K, 83% used [0x00000000ec780000,0x00000000ed400858,0x00000000ed680000)
  to   space 16384K, 0% used [0x00000000eb780000,0x00000000eb780000,0x00000000ec780000)
 ParOldGen       total 45568K, used 31732K [0x00000000a0000000, 0x00000000a2c80000, 0x00000000e0000000)
  object space 45568K, 69% used [0x00000000a0000000,0x00000000a1efd140,0x00000000a2c80000)
 Metaspace       used 57245K, capacity 58880K, committed 59008K, reserved 1099776K
  class space    used 7806K, capacity 8250K, committed 8320K, reserved 1048576K
Event: 37.933 GC heap after
Heap after GC invocations=15 (full 2):
 PSYoungGen      total 204288K, used 7277K [0x00000000e0000000, 0x00000000f2580000, 0x0000000100000000)
  eden space 187904K, 0% used [0x00000000e0000000,0x00000000e0000000,0x00000000eb780000)
  from space 16384K, 44% used [0x00000000eb780000,0x00000000ebe9b768,0x00000000ec780000)
  to   space 15872K, 0% used [0x00000000f1600000,0x00000000f1600000,0x00000000f2580000)
 ParOldGen       total 45568K, used 38855K [0x00000000a0000000, 0x00000000a2c80000, 0x00000000e0000000)
  object space 45568K, 85% used [0x00000000a0000000,0x00000000a25f1f00,0x00000000a2c80000)
 Metaspace       used 57245K, capacity 58880K, committed 59008K, reserved 1099776K
  class space    used 7806K, capacity 8250K, committed 8320K, reserved 1048576K
}
Event: 37.933 GC heap before
{Heap before GC invocations=16 (full 3):
 PSYoungGen      total 204288K, used 7277K [0x00000000e0000000, 0x00000000f2580000, 0x0000000100000000)
  eden space 187904K, 0% used [0x00000000e0000000,0x00000000e0000000,0x00000000eb780000)
  from space 16384K, 44% used [0x00000000eb780000,0x00000000ebe9b768,0x00000000ec780000)
  to   space 15872K, 0% used [0x00000000f1600000,0x00000000f1600000,0x00000000f2580000)
 ParOldGen       total 45568K, used 38855K [0x00000000a0000000, 0x00000000a2c80000, 0x00000000e0000000)
  object space 45568K, 85% used [0x00000000a0000000,0x00000000a25f1f00,0x00000000a2c80000)
 Metaspace       used 57245K, capacity 58880K, committed 59008K, reserved 1099776K
  class space    used 7806K, capacity 8250K, committed 8320K, reserved 1048576K
Event: 38.476 GC heap after
Heap after GC invocations=16 (full 3):
 PSYoungGen      total 204288K, used 0K [0x00000000e0000000, 0x00000000f2580000, 0x0000000100000000)
  eden space 187904K, 0% used [0x00000000e0000000,0x00000000e0000000,0x00000000eb780000)
  from space 16384K, 0% used [0x00000000eb780000,0x00000000eb780000,0x00000000ec780000)
  to   space 15872K, 0% used [0x00000000f1600000,0x00000000f1600000,0x00000000f2580000)
 ParOldGen       total 79872K, used 37590K [0x00000000a0000000, 0x00000000a4e00000, 0x00000000e0000000)
  object space 79872K, 47% used [0x00000000a0000000,0x00000000a24b5bc8,0x00000000a4e00000)
 Metaspace       used 57245K, capacity 58880K, committed 59008K, reserved 1099776K
  class space    used 7806K, capacity 8250K, committed 8320K, reserved 1048576K
}

