# JRE version: OpenJDK Runtime Environment (8.0_152-b01) (build 1.8.0_152-release-1343-b01)
# Java VM: OpenJDK 64-Bit Server VM (25.152-b01 mixed mode windows-amd64 compressed oops)
Heap:
 PSYoungGen      total 117248K, used 9899K [0x00000000e0000000, 0x00000000e9c80000, 0x0000000100000000)
  eden space 114176K, 8% used [0x00000000e0000000,0x00000000e09aae38,0x00000000e6f80000)
  from space 3072K, 0% used [0x00000000e7b00000,0x00000000e7b00000,0x00000000e7e00000)
  to   space 11776K, 0% used [0x00000000e6f80000,0x00000000e6f80000,0x00000000e7b00000)
 ParOldGen       total 55808K, used 16405K [0x00000000a0000000, 0x00000000a3680000, 0x00000000e0000000)
  object space 55808K, 29% used [0x00000000a0000000,0x00000000a1005728,0x00000000a3680000)
 Metaspace       used 36574K, capacity 37182K, committed 37376K, reserved 1081344K
  class space    used 5016K, capacity 5273K, committed 5376K, reserved 1048576K
GC Heap History (10 events):
Event: 4.042 GC heap before
{Heap before GC invocations=8 (full 1):
 PSYoungGen      total 67584K, used 7106K [0x00000000e0000000, 0x00000000e8600000, 0x0000000100000000)
  eden space 59904K, 0% used [0x00000000e0000000,0x00000000e0000000,0x00000000e3a80000)
  from space 7680K, 92% used [0x00000000e3a80000,0x00000000e4170a10,0x00000000e4200000)
  to   space 8704K, 0% used [0x00000000e7d80000,0x00000000e7d80000,0x00000000e8600000)
 ParOldGen       total 40960K, used 6892K [0x00000000a0000000, 0x00000000a2800000, 0x00000000e0000000)
  object space 40960K, 16% used [0x00000000a0000000,0x00000000a06bb068,0x00000000a2800000)
 Metaspace       used 20851K, capacity 21176K, committed 21248K, reserved 1067008K
  class space    used 2911K, capacity 3060K, committed 3072K, reserved 1048576K
Event: 4.227 GC heap after
Heap after GC invocations=8 (full 1):
 PSYoungGen      total 67584K, used 0K [0x00000000e0000000, 0x00000000e8600000, 0x0000000100000000)
  eden space 59904K, 0% used [0x00000000e0000000,0x00000000e0000000,0x00000000e3a80000)
  from space 7680K, 0% used [0x00000000e3a80000,0x00000000e3a80000,0x00000000e4200000)
  to   space 8704K, 0% used [0x00000000e7d80000,0x00000000e7d80000,0x00000000e8600000)
 ParOldGen       total 39936K, used 11915K [0x00000000a0000000, 0x00000000a2700000, 0x00000000e0000000)
  object space 39936K, 29% used [0x00000000a0000000,0x00000000a0ba2f50,0x00000000a2700000)
 Metaspace       used 20851K, capacity 21176K, committed 21248K, reserved 1067008K
  class space    used 2911K, capacity 3060K, committed 3072K, reserved 1048576K
}
Event: 5.653 GC heap before
{Heap before GC invocations=9 (full 1):
 PSYoungGen      total 67584K, used 59904K [0x00000000e0000000, 0x00000000e8600000, 0x0000000100000000)
  eden space 59904K, 100% used [0x00000000e0000000,0x00000000e3a80000,0x00000000e3a80000)
  from space 7680K, 0% used [0x00000000e3a80000,0x00000000e3a80000,0x00000000e4200000)
  to   space 8704K, 0% used [0x00000000e7d80000,0x00000000e7d80000,0x00000000e8600000)
 ParOldGen       total 39936K, used 11915K [0x00000000a0000000, 0x00000000a2700000, 0x00000000e0000000)
  object space 39936K, 29% used [0x00000000a0000000,0x00000000a0ba2f50,0x00000000a2700000)
 Metaspace       used 26717K, capacity 27110K, committed 27392K, reserved 1073152K
  class space    used 3635K, capacity 3815K, committed 3840K, reserved 1048576K
Event: 5.736 GC heap after
Heap after GC invocations=9 (full 1):
 PSYoungGen      total 93184K, used 6637K [0x00000000e0000000, 0x00000000e8400000, 0x0000000100000000)
  eden space 86528K, 0% used [0x00000000e0000000,0x00000000e0000000,0x00000000e5480000)
  from space 6656K, 99% used [0x00000000e7d80000,0x00000000e83fb4a0,0x00000000e8400000)
  to   space 9216K, 0% used [0x00000000e7200000,0x00000000e7200000,0x00000000e7b00000)
 ParOldGen       total 39936K, used 11923K [0x00000000a0000000, 0x00000000a2700000, 0x00000000e0000000)
  object space 39936K, 29% used [0x00000000a0000000,0x00000000a0ba4f50,0x00000000a2700000)
 Metaspace       used 26717K, capacity 27110K, committed 27392K, reserved 1073152K
  class space    used 3635K, capacity 3815K, committed 3840K, reserved 1048576K
}
Event: 26.706 GC heap before
{Heap before GC invocations=10 (full 1):
 PSYoungGen      total 93184K, used 93165K [0x00000000e0000000, 0x00000000e8400000, 0x0000000100000000)
  eden space 86528K, 100% used [0x00000000e0000000,0x00000000e5480000,0x00000000e5480000)
  from space 6656K, 99% used [0x00000000e7d80000,0x00000000e83fb4a0,0x00000000e8400000)
  to   space 9216K, 0% used [0x00000000e7200000,0x00000000e7200000,0x00000000e7b00000)
 ParOldGen       total 39936K, used 11923K [0x00000000a0000000, 0x00000000a2700000, 0x00000000e0000000)
  object space 39936K, 29% used [0x00000000a0000000,0x00000000a0ba4f50,0x00000000a2700000)
 Metaspace       used 30604K, capacity 31018K, committed 31104K, reserved 1075200K
  class space    used 4256K, capacity 4434K, committed 4480K, reserved 1048576K
Event: 26.727 GC heap after
Heap after GC invocations=10 (full 1):
 PSYoungGen      total 115200K, used 9185K [0x00000000e0000000, 0x00000000e7e00000, 0x0000000100000000)
  eden space 105984K, 0% used [0x00000000e0000000,0x00000000e0000000,0x00000000e6780000)
  from space 9216K, 99% used [0x00000000e7200000,0x00000000e7af8558,0x00000000e7b00000)
  to   space 3072K, 0% used [0x00000000e7b00000,0x00000000e7b00000,0x00000000e7e00000)
 ParOldGen       total 39936K, used 12726K [0x00000000a0000000, 0x00000000a2700000, 0x00000000e0000000)
  object space 39936K, 31% used [0x00000000a0000000,0x00000000a0c6d8e0,0x00000000a2700000)
 Metaspace       used 30604K, capacity 31018K, committed 31104K, reserved 1075200K
  class space    used 4256K, capacity 4434K, committed 4480K, reserved 1048576K
}
Event: 27.731 GC heap before
{Heap before GC invocations=11 (full 1):
 PSYoungGen      total 115200K, used 38965K [0x00000000e0000000, 0x00000000e7e00000, 0x0000000100000000)
  eden space 105984K, 28% used [0x00000000e0000000,0x00000000e1d15090,0x00000000e6780000)
  from space 9216K, 99% used [0x00000000e7200000,0x00000000e7af8558,0x00000000e7b00000)
  to   space 3072K, 0% used [0x00000000e7b00000,0x00000000e7b00000,0x00000000e7e00000)
 ParOldGen       total 39936K, used 12726K [0x00000000a0000000, 0x00000000a2700000, 0x00000000e0000000)
  object space 39936K, 31% used [0x00000000a0000000,0x00000000a0c6d8e0,0x00000000a2700000)
 Metaspace       used 34730K, capacity 35274K, committed 35416K, reserved 1079296K
  class space    used 4836K, capacity 5065K, committed 5120K, reserved 1048576K
Event: 27.818 GC heap after
Heap after GC invocations=11 (full 1):
 PSYoungGen      total 117248K, used 3072K [0x00000000e0000000, 0x00000000e9c80000, 0x0000000100000000)
  eden space 114176K, 0% used [0x00000000e0000000,0x00000000e0000000,0x00000000e6f80000)
  from space 3072K, 100% used [0x00000000e7b00000,0x00000000e7e00000,0x00000000e7e00000)
  to   space 11776K, 0% used [0x00000000e6f80000,0x00000000e6f80000,0x00000000e7b00000)
 ParOldGen       total 39936K, used 19560K [0x00000000a0000000, 0x00000000a2700000, 0x00000000e0000000)
  object space 39936K, 48% used [0x00000000a0000000,0x00000000a131a1c0,0x00000000a2700000)
 Metaspace       used 34730K, capacity 35274K, committed 35416K, reserved 1079296K
  class space    used 4836K, capacity 5065K, committed 5120K, reserved 1048576K
}
Event: 27.818 GC heap before
{Heap before GC invocations=12 (full 2):
 PSYoungGen      total 117248K, used 3072K [0x00000000e0000000, 0x00000000e9c80000, 0x0000000100000000)
  eden space 114176K, 0% used [0x00000000e0000000,0x00000000e0000000,0x00000000e6f80000)
  from space 3072K, 100% used [0x00000000e7b00000,0x00000000e7e00000,0x00000000e7e00000)
  to   space 11776K, 0% used [0x00000000e6f80000,0x00000000e6f80000,0x00000000e7b00000)
 ParOldGen       total 39936K, used 19560K [0x00000000a0000000, 0x00000000a2700000, 0x00000000e0000000)
  object space 39936K, 48% used [0x00000000a0000000,0x00000000a131a1c0,0x00000000a2700000)
 Metaspace       used 34730K, capacity 35274K, committed 35416K, reserved 1079296K
  class space    used 4836K, capacity 5065K, committed 5120K, reserved 1048576K
Event: 27.987 GC heap after
Heap after GC invocations=12 (full 2):
 PSYoungGen      total 117248K, used 0K [0x00000000e0000000, 0x00000000e9c80000, 0x0000000100000000)
  eden space 114176K, 0% used [0x00000000e0000000,0x00000000e0000000,0x00000000e6f80000)
  from space 3072K, 0% used [0x00000000e7b00000,0x00000000e7b00000,0x00000000e7e00000)
  to   space 11776K, 0% used [0x00000000e6f80000,0x00000000e6f80000,0x00000000e7b00000)
 ParOldGen       total 55808K, used 16405K [0x00000000a0000000, 0x00000000a3680000, 0x00000000e0000000)
  object space 55808K, 29% used [0x00000000a0000000,0x00000000a1005728,0x00000000a3680000)
 Metaspace       used 34730K, capacity 35274K, committed 35416K, reserved 1079296K
  class space    used 4836K, capacity 5065K, committed 5120K, reserved 1048576K
}

