# JRE version: OpenJDK Runtime Environment (8.0_152-b01) (build 1.8.0_152-release-1343-b01)
# Java VM: OpenJDK 64-Bit Server VM (25.152-b01 mixed mode windows-amd64 compressed oops)
Heap:
 PSYoungGen      total 395264K, used 296206K [0x00000000e0000000, 0x00000000fb280000, 0x0000000100000000)
  eden space 360448K, 80% used [0x00000000e0000000,0x00000000f19fd068,0x00000000f6000000)
  from space 34816K, 21% used [0x00000000f8100000,0x00000000f8846aa0,0x00000000fa300000)
  to   space 33792K, 0% used [0x00000000f6000000,0x00000000f6000000,0x00000000f8100000)
 ParOldGen       total 132608K, used 63757K [0x00000000a0000000, 0x00000000a8180000, 0x00000000e0000000)
  object space 132608K, 48% used [0x00000000a0000000,0x00000000a3e43640,0x00000000a8180000)
 Metaspace       used 75905K, capacity 79398K, committed 79512K, reserved 1118208K
  class space    used 10058K, capacity 10859K, committed 10928K, reserved 1048576K
GC Heap History (10 events):
Event: 216.054 GC heap before
{Heap before GC invocations=18 (full 3):
 PSYoungGen      total 279040K, used 278751K [0x00000000e0000000, 0x00000000f3b00000, 0x0000000100000000)
  eden space 264192K, 100% used [0x00000000e0000000,0x00000000f0200000,0x00000000f0200000)
  from space 14848K, 98% used [0x00000000f2c80000,0x00000000f3ab7ea0,0x00000000f3b00000)
  to   space 19456K, 0% used [0x00000000f1500000,0x00000000f1500000,0x00000000f2800000)
 ParOldGen       total 90624K, used 44903K [0x00000000a0000000, 0x00000000a5880000, 0x00000000e0000000)
  object space 90624K, 49% used [0x00000000a0000000,0x00000000a2bd9f70,0x00000000a5880000)
 Metaspace       used 69318K, capacity 71966K, committed 72088K, reserved 1112064K
  class space    used 9210K, capacity 9875K, committed 9904K, reserved 1048576K
Event: 216.115 GC heap after
Heap after GC invocations=18 (full 3):
 PSYoungGen      total 303104K, used 19440K [0x00000000e0000000, 0x00000000f7500000, 0x0000000100000000)
  eden space 283648K, 0% used [0x00000000e0000000,0x00000000e0000000,0x00000000f1500000)
  from space 19456K, 99% used [0x00000000f1500000,0x00000000f27fc218,0x00000000f2800000)
  to   space 29696K, 0% used [0x00000000f5800000,0x00000000f5800000,0x00000000f7500000)
 ParOldGen       total 90624K, used 63930K [0x00000000a0000000, 0x00000000a5880000, 0x00000000e0000000)
  object space 90624K, 70% used [0x00000000a0000000,0x00000000a3e6e858,0x00000000a5880000)
 Metaspace       used 69318K, capacity 71966K, committed 72088K, reserved 1112064K
  class space    used 9210K, capacity 9875K, committed 9904K, reserved 1048576K
}
Event: 243.553 GC heap before
{Heap before GC invocations=19 (full 3):
 PSYoungGen      total 303104K, used 303088K [0x00000000e0000000, 0x00000000f7500000, 0x0000000100000000)
  eden space 283648K, 100% used [0x00000000e0000000,0x00000000f1500000,0x00000000f1500000)
  from space 19456K, 99% used [0x00000000f1500000,0x00000000f27fc218,0x00000000f2800000)
  to   space 29696K, 0% used [0x00000000f5800000,0x00000000f5800000,0x00000000f7500000)
 ParOldGen       total 90624K, used 63930K [0x00000000a0000000, 0x00000000a5880000, 0x00000000e0000000)
  object space 90624K, 70% used [0x00000000a0000000,0x00000000a3e6e858,0x00000000a5880000)
 Metaspace       used 73734K, capacity 76958K, committed 77080K, reserved 1116160K
  class space    used 9765K, capacity 10515K, committed 10544K, reserved 1048576K
Event: 243.629 GC heap after
Heap after GC invocations=19 (full 3):
 PSYoungGen      total 348672K, used 26816K [0x00000000e0000000, 0x00000000f8a80000, 0x0000000100000000)
  eden space 318976K, 0% used [0x00000000e0000000,0x00000000e0000000,0x00000000f3780000)
  from space 29696K, 90% used [0x00000000f5800000,0x00000000f7230390,0x00000000f7500000)
  to   space 33280K, 0% used [0x00000000f3780000,0x00000000f3780000,0x00000000f5800000)
 ParOldGen       total 90624K, used 82875K [0x00000000a0000000, 0x00000000a5880000, 0x00000000e0000000)
  object space 90624K, 91% used [0x00000000a0000000,0x00000000a50eec58,0x00000000a5880000)
 Metaspace       used 73734K, capacity 76958K, committed 77080K, reserved 1116160K
  class space    used 9765K, capacity 10515K, committed 10544K, reserved 1048576K
}
Event: 243.629 GC heap before
{Heap before GC invocations=20 (full 4):
 PSYoungGen      total 348672K, used 26816K [0x00000000e0000000, 0x00000000f8a80000, 0x0000000100000000)
  eden space 318976K, 0% used [0x00000000e0000000,0x00000000e0000000,0x00000000f3780000)
  from space 29696K, 90% used [0x00000000f5800000,0x00000000f7230390,0x00000000f7500000)
  to   space 33280K, 0% used [0x00000000f3780000,0x00000000f3780000,0x00000000f5800000)
 ParOldGen       total 90624K, used 82875K [0x00000000a0000000, 0x00000000a5880000, 0x00000000e0000000)
  object space 90624K, 91% used [0x00000000a0000000,0x00000000a50eec58,0x00000000a5880000)
 Metaspace       used 73734K, capacity 76958K, committed 77080K, reserved 1116160K
  class space    used 9765K, capacity 10515K, committed 10544K, reserved 1048576K
Event: 243.921 GC heap after
Heap after GC invocations=20 (full 4):
 PSYoungGen      total 348672K, used 0K [0x00000000e0000000, 0x00000000f8a80000, 0x0000000100000000)
  eden space 318976K, 0% used [0x00000000e0000000,0x00000000e0000000,0x00000000f3780000)
  from space 29696K, 0% used [0x00000000f5800000,0x00000000f5800000,0x00000000f7500000)
  to   space 33280K, 0% used [0x00000000f3780000,0x00000000f3780000,0x00000000f5800000)
 ParOldGen       total 132608K, used 63741K [0x00000000a0000000, 0x00000000a8180000, 0x00000000e0000000)
  object space 132608K, 48% used [0x00000000a0000000,0x00000000a3e3f640,0x00000000a8180000)
 Metaspace       used 73722K, capacity 76924K, committed 77080K, reserved 1116160K
  class space    used 9761K, capacity 10508K, committed 10544K, reserved 1048576K
}
Event: 262.329 GC heap before
{Heap before GC invocations=21 (full 4):
 PSYoungGen      total 348672K, used 318174K [0x00000000e0000000, 0x00000000f8a80000, 0x0000000100000000)
  eden space 318976K, 99% used [0x00000000e0000000,0x00000000f36b7b58,0x00000000f3780000)
  from space 29696K, 0% used [0x00000000f5800000,0x00000000f5800000,0x00000000f7500000)
  to   space 33280K, 0% used [0x00000000f3780000,0x00000000f3780000,0x00000000f5800000)
 ParOldGen       total 132608K, used 63741K [0x00000000a0000000, 0x00000000a8180000, 0x00000000e0000000)
  object space 132608K, 48% used [0x00000000a0000000,0x00000000a3e3f640,0x00000000a8180000)
 Metaspace       used 74870K, capacity 78206K, committed 78360K, reserved 1116160K
  class space    used 9923K, capacity 10673K, committed 10800K, reserved 1048576K
Event: 262.346 GC heap after
Heap after GC invocations=21 (full 4):
 PSYoungGen      total 352256K, used 22002K [0x00000000e0000000, 0x00000000fa300000, 0x0000000100000000)
  eden space 318976K, 0% used [0x00000000e0000000,0x00000000e0000000,0x00000000f3780000)
  from space 33280K, 66% used [0x00000000f3780000,0x00000000f4cfcb20,0x00000000f5800000)
  to   space 34816K, 0% used [0x00000000f8100000,0x00000000f8100000,0x00000000fa300000)
 ParOldGen       total 132608K, used 63749K [0x00000000a0000000, 0x00000000a8180000, 0x00000000e0000000)
  object space 132608K, 48% used [0x00000000a0000000,0x00000000a3e41640,0x00000000a8180000)
 Metaspace       used 74870K, capacity 78206K, committed 78360K, reserved 1116160K
  class space    used 9923K, capacity 10673K, committed 10800K, reserved 1048576K
}
Event: 262.521 GC heap before
{Heap before GC invocations=22 (full 4):
 PSYoungGen      total 352256K, used 340615K [0x00000000e0000000, 0x00000000fa300000, 0x0000000100000000)
  eden space 318976K, 99% used [0x00000000e0000000,0x00000000f3725418,0x00000000f3780000)
  from space 33280K, 66% used [0x00000000f3780000,0x00000000f4cfcb20,0x00000000f5800000)
  to   space 34816K, 0% used [0x00000000f8100000,0x00000000f8100000,0x00000000fa300000)
 ParOldGen       total 132608K, used 63749K [0x00000000a0000000, 0x00000000a8180000, 0x00000000e0000000)
  object space 132608K, 48% used [0x00000000a0000000,0x00000000a3e41640,0x00000000a8180000)
 Metaspace       used 74883K, capacity 78270K, committed 78616K, reserved 1118208K
  class space    used 9923K, capacity 10673K, committed 10800K, reserved 1048576K
Event: 262.529 GC heap after
Heap after GC invocations=22 (full 4):
 PSYoungGen      total 395264K, used 7450K [0x00000000e0000000, 0x00000000fb280000, 0x0000000100000000)
  eden space 360448K, 0% used [0x00000000e0000000,0x00000000e0000000,0x00000000f6000000)
  from space 34816K, 21% used [0x00000000f8100000,0x00000000f8846aa0,0x00000000fa300000)
  to   space 33792K, 0% used [0x00000000f6000000,0x00000000f6000000,0x00000000f8100000)
 ParOldGen       total 132608K, used 63757K [0x00000000a0000000, 0x00000000a8180000, 0x00000000e0000000)
  object space 132608K, 48% used [0x00000000a0000000,0x00000000a3e43640,0x00000000a8180000)
 Metaspace       used 74883K, capacity 78270K, committed 78616K, reserved 1118208K
  class space    used 9923K, capacity 10673K, committed 10800K, reserved 1048576K
}

