# JRE version: OpenJDK Runtime Environment (8.0_152-b01) (build 1.8.0_152-release-1343-b01)
# Java VM: OpenJDK 64-Bit Server VM (25.152-b01 mixed mode windows-amd64 compressed oops)
Heap:
 PSYoungGen      total 361984K, used 196448K [0x00000000e0000000, 0x00000000fab80000, 0x0000000100000000)
  eden space 314880K, 55% used [0x00000000e0000000,0x00000000eaa9fa90,0x00000000f3380000)
  from space 47104K, 46% used [0x00000000f3380000,0x00000000f48b86e0,0x00000000f6180000)
  to   space 46080K, 0% used [0x00000000f7e80000,0x00000000f7e80000,0x00000000fab80000)
 ParOldGen       total 165376K, used 66896K [0x00000000a0000000, 0x00000000aa180000, 0x00000000e0000000)
  object space 165376K, 40% used [0x00000000a0000000,0x00000000a4154038,0x00000000aa180000)
 Metaspace       used 85683K, capacity 89210K, committed 89520K, reserved 1126400K
  class space    used 10822K, capacity 11573K, committed 11696K, reserved 1048576K
GC Heap History (10 events):
Event: 228.383 GC heap before
{Heap before GC invocations=28 (full 5):
 PSYoungGen      total 324608K, used 268968K [0x00000000e0000000, 0x00000000f7480000, 0x0000000100000000)
  eden space 269824K, 99% used [0x00000000e0000000,0x00000000f0692130,0x00000000f0780000)
  from space 54784K, 0% used [0x00000000f3d80000,0x00000000f3d98000,0x00000000f7300000)
  to   space 55296K, 0% used [0x00000000f0780000,0x00000000f0780000,0x00000000f3d80000)
 ParOldGen       total 165376K, used 66864K [0x00000000a0000000, 0x00000000aa180000, 0x00000000e0000000)
  object space 165376K, 40% used [0x00000000a0000000,0x00000000a414c038,0x00000000aa180000)
 Metaspace       used 83576K, capacity 86820K, committed 86960K, reserved 1124352K
  class space    used 10686K, capacity 11430K, committed 11440K, reserved 1048576K
Event: 228.403 GC heap after
Heap after GC invocations=28 (full 5):
 PSYoungGen      total 325120K, used 13069K [0x00000000e0000000, 0x00000000f8b00000, 0x0000000100000000)
  eden space 269824K, 0% used [0x00000000e0000000,0x00000000e0000000,0x00000000f0780000)
  from space 55296K, 23% used [0x00000000f0780000,0x00000000f1443430,0x00000000f3d80000)
  to   space 52736K, 0% used [0x00000000f5780000,0x00000000f5780000,0x00000000f8b00000)
 ParOldGen       total 165376K, used 66872K [0x00000000a0000000, 0x00000000aa180000, 0x00000000e0000000)
  object space 165376K, 40% used [0x00000000a0000000,0x00000000a414e038,0x00000000aa180000)
 Metaspace       used 83576K, capacity 86820K, committed 86960K, reserved 1124352K
  class space    used 10686K, capacity 11430K, committed 11440K, reserved 1048576K
}
Event: 250.061 GC heap before
{Heap before GC invocations=29 (full 5):
 PSYoungGen      total 325120K, used 282893K [0x00000000e0000000, 0x00000000f8b00000, 0x0000000100000000)
  eden space 269824K, 100% used [0x00000000e0000000,0x00000000f0780000,0x00000000f0780000)
  from space 55296K, 23% used [0x00000000f0780000,0x00000000f1443430,0x00000000f3d80000)
  to   space 52736K, 0% used [0x00000000f5780000,0x00000000f5780000,0x00000000f8b00000)
 ParOldGen       total 165376K, used 66872K [0x00000000a0000000, 0x00000000aa180000, 0x00000000e0000000)
  object space 165376K, 40% used [0x00000000a0000000,0x00000000a414e038,0x00000000aa180000)
 Metaspace       used 84675K, capacity 88054K, committed 88112K, reserved 1126400K
  class space    used 10782K, capacity 11523K, committed 11568K, reserved 1048576K
Event: 250.085 GC heap after
Heap after GC invocations=29 (full 5):
 PSYoungGen      total 339456K, used 8761K [0x00000000e0000000, 0x00000000f8380000, 0x0000000100000000)
  eden space 294400K, 0% used [0x00000000e0000000,0x00000000e0000000,0x00000000f1f80000)
  from space 45056K, 19% used [0x00000000f5780000,0x00000000f600e4b0,0x00000000f8380000)
  to   space 51200K, 0% used [0x00000000f1f80000,0x00000000f1f80000,0x00000000f5180000)
 ParOldGen       total 165376K, used 66880K [0x00000000a0000000, 0x00000000aa180000, 0x00000000e0000000)
  object space 165376K, 40% used [0x00000000a0000000,0x00000000a4150038,0x00000000aa180000)
 Metaspace       used 84675K, capacity 88054K, committed 88112K, reserved 1126400K
  class space    used 10782K, capacity 11523K, committed 11568K, reserved 1048576K
}
Event: 254.546 GC heap before
{Heap before GC invocations=30 (full 5):
 PSYoungGen      total 339456K, used 303161K [0x00000000e0000000, 0x00000000f8380000, 0x0000000100000000)
  eden space 294400K, 100% used [0x00000000e0000000,0x00000000f1f80000,0x00000000f1f80000)
  from space 45056K, 19% used [0x00000000f5780000,0x00000000f600e4b0,0x00000000f8380000)
  to   space 51200K, 0% used [0x00000000f1f80000,0x00000000f1f80000,0x00000000f5180000)
 ParOldGen       total 165376K, used 66880K [0x00000000a0000000, 0x00000000aa180000, 0x00000000e0000000)
  object space 165376K, 40% used [0x00000000a0000000,0x00000000a4150038,0x00000000aa180000)
 Metaspace       used 85349K, capacity 88752K, committed 88880K, reserved 1126400K
  class space    used 10811K, capacity 11560K, committed 11568K, reserved 1048576K
Event: 254.578 GC heap after
Heap after GC invocations=30 (full 5):
 PSYoungGen      total 345600K, used 6719K [0x00000000e0000000, 0x00000000f9700000, 0x0000000100000000)
  eden space 294400K, 0% used [0x00000000e0000000,0x00000000e0000000,0x00000000f1f80000)
  from space 51200K, 13% used [0x00000000f1f80000,0x00000000f260ff30,0x00000000f5180000)
  to   space 49664K, 0% used [0x00000000f6680000,0x00000000f6680000,0x00000000f9700000)
 ParOldGen       total 165376K, used 66880K [0x00000000a0000000, 0x00000000aa180000, 0x00000000e0000000)
  object space 165376K, 40% used [0x00000000a0000000,0x00000000a4150038,0x00000000aa180000)
 Metaspace       used 85349K, capacity 88752K, committed 88880K, reserved 1126400K
  class space    used 10811K, capacity 11560K, committed 11568K, reserved 1048576K
}
Event: 261.971 GC heap before
{Heap before GC invocations=31 (full 5):
 PSYoungGen      total 345600K, used 300168K [0x00000000e0000000, 0x00000000f9700000, 0x0000000100000000)
  eden space 294400K, 99% used [0x00000000e0000000,0x00000000f1e923f0,0x00000000f1f80000)
  from space 51200K, 13% used [0x00000000f1f80000,0x00000000f260ff30,0x00000000f5180000)
  to   space 49664K, 0% used [0x00000000f6680000,0x00000000f6680000,0x00000000f9700000)
 ParOldGen       total 165376K, used 66880K [0x00000000a0000000, 0x00000000aa180000, 0x00000000e0000000)
  object space 165376K, 40% used [0x00000000a0000000,0x00000000a4150038,0x00000000aa180000)
 Metaspace       used 85452K, capacity 88852K, committed 88880K, reserved 1126400K
  class space    used 10819K, capacity 11568K, committed 11568K, reserved 1048576K
Event: 261.988 GC heap after
Heap after GC invocations=31 (full 5):
 PSYoungGen      total 356864K, used 12435K [0x00000000e0000000, 0x00000000f8f80000, 0x0000000100000000)
  eden space 314880K, 0% used [0x00000000e0000000,0x00000000e0000000,0x00000000f3380000)
  from space 41984K, 29% used [0x00000000f6680000,0x00000000f72a4f98,0x00000000f8f80000)
  to   space 47104K, 0% used [0x00000000f3380000,0x00000000f3380000,0x00000000f6180000)
 ParOldGen       total 165376K, used 66888K [0x00000000a0000000, 0x00000000aa180000, 0x00000000e0000000)
  object space 165376K, 40% used [0x00000000a0000000,0x00000000a4152038,0x00000000aa180000)
 Metaspace       used 85452K, capacity 88852K, committed 88880K, reserved 1126400K
  class space    used 10819K, capacity 11568K, committed 11568K, reserved 1048576K
}
Event: 263.425 GC heap before
{Heap before GC invocations=32 (full 5):
 PSYoungGen      total 356864K, used 326372K [0x00000000e0000000, 0x00000000f8f80000, 0x0000000100000000)
  eden space 314880K, 99% used [0x00000000e0000000,0x00000000f3294420,0x00000000f3380000)
  from space 41984K, 29% used [0x00000000f6680000,0x00000000f72a4f98,0x00000000f8f80000)
  to   space 47104K, 0% used [0x00000000f3380000,0x00000000f3380000,0x00000000f6180000)
 ParOldGen       total 165376K, used 66888K [0x00000000a0000000, 0x00000000aa180000, 0x00000000e0000000)
  object space 165376K, 40% used [0x00000000a0000000,0x00000000a4152038,0x00000000aa180000)
 Metaspace       used 85524K, capacity 88986K, committed 89264K, reserved 1126400K
  class space    used 10820K, capacity 11569K, committed 11696K, reserved 1048576K
Event: 263.447 GC heap after
Heap after GC invocations=32 (full 5):
 PSYoungGen      total 361984K, used 21729K [0x00000000e0000000, 0x00000000fab80000, 0x0000000100000000)
  eden space 314880K, 0% used [0x00000000e0000000,0x00000000e0000000,0x00000000f3380000)
  from space 47104K, 46% used [0x00000000f3380000,0x00000000f48b86e0,0x00000000f6180000)
  to   space 46080K, 0% used [0x00000000f7e80000,0x00000000f7e80000,0x00000000fab80000)
 ParOldGen       total 165376K, used 66896K [0x00000000a0000000, 0x00000000aa180000, 0x00000000e0000000)
  object space 165376K, 40% used [0x00000000a0000000,0x00000000a4154038,0x00000000aa180000)
 Metaspace       used 85524K, capacity 88986K, committed 89264K, reserved 1126400K
  class space    used 10820K, capacity 11569K, committed 11696K, reserved 1048576K
}

