# JRE version: OpenJDK Runtime Environment (8.0_152-b01) (build 1.8.0_152-release-1343-b01)
# Java VM: OpenJDK 64-Bit Server VM (25.152-b01 mixed mode windows-amd64 compressed oops)
Heap:
 PSYoungGen      total 317952K, used 68265K [0x00000000e0000000, 0x00000000f5f80000, 0x0000000100000000)
  eden space 299520K, 16% used [0x00000000e0000000,0x00000000e3117568,0x00000000f2480000)
  from space 18432K, 97% used [0x00000000f4d80000,0x00000000f5f13110,0x00000000f5f80000)
  to   space 23040K, 0% used [0x00000000f3280000,0x00000000f3280000,0x00000000f4900000)
 ParOldGen       total 74240K, used 37200K [0x00000000a0000000, 0x00000000a4880000, 0x00000000e0000000)
  object space 74240K, 50% used [0x00000000a0000000,0x00000000a24542b8,0x00000000a4880000)
 Metaspace       used 64185K, capacity 65942K, committed 66176K, reserved 1105920K
  class space    used 8598K, capacity 9055K, committed 9088K, reserved 1048576K
GC Heap History (10 events):
Event: 27.609 GC heap before
{Heap before GC invocations=13 (full 2):
 PSYoungGen      total 161280K, used 149500K [0x00000000e0000000, 0x00000000ec380000, 0x0000000100000000)
  eden space 149504K, 99% used [0x00000000e0000000,0x00000000e91ff0c0,0x00000000e9200000)
  from space 11776K, 0% used [0x00000000e9d00000,0x00000000e9d00000,0x00000000ea880000)
  to   space 11264K, 0% used [0x00000000e9200000,0x00000000e9200000,0x00000000e9d00000)
 ParOldGen       total 40960K, used 15131K [0x00000000a0000000, 0x00000000a2800000, 0x00000000e0000000)
  object space 40960K, 36% used [0x00000000a0000000,0x00000000a0ec6dc8,0x00000000a2800000)
 Metaspace       used 47659K, capacity 48596K, committed 48768K, reserved 1091584K
  class space    used 6446K, capacity 6753K, committed 6784K, reserved 1048576K
Event: 27.637 GC heap after
Heap after GC invocations=13 (full 2):
 PSYoungGen      total 160768K, used 11257K [0x00000000e0000000, 0x00000000efa00000, 0x0000000100000000)
  eden space 149504K, 0% used [0x00000000e0000000,0x00000000e0000000,0x00000000e9200000)
  from space 11264K, 99% used [0x00000000e9200000,0x00000000e9cfe6c8,0x00000000e9d00000)
  to   space 15360K, 0% used [0x00000000eeb00000,0x00000000eeb00000,0x00000000efa00000)
 ParOldGen       total 40960K, used 22047K [0x00000000a0000000, 0x00000000a2800000, 0x00000000e0000000)
  object space 40960K, 53% used [0x00000000a0000000,0x00000000a1587c90,0x00000000a2800000)
 Metaspace       used 47659K, capacity 48596K, committed 48768K, reserved 1091584K
  class space    used 6446K, capacity 6753K, committed 6784K, reserved 1048576K
}
Event: 35.422 GC heap before
{Heap before GC invocations=14 (full 2):
 PSYoungGen      total 160768K, used 160761K [0x00000000e0000000, 0x00000000efa00000, 0x0000000100000000)
  eden space 149504K, 100% used [0x00000000e0000000,0x00000000e9200000,0x00000000e9200000)
  from space 11264K, 99% used [0x00000000e9200000,0x00000000e9cfe6c8,0x00000000e9d00000)
  to   space 15360K, 0% used [0x00000000eeb00000,0x00000000eeb00000,0x00000000efa00000)
 ParOldGen       total 40960K, used 22047K [0x00000000a0000000, 0x00000000a2800000, 0x00000000e0000000)
  object space 40960K, 53% used [0x00000000a0000000,0x00000000a1587c90,0x00000000a2800000)
 Metaspace       used 55922K, capacity 57586K, committed 57856K, reserved 1099776K
  class space    used 7660K, capacity 8105K, committed 8192K, reserved 1048576K
Event: 35.465 GC heap after
Heap after GC invocations=14 (full 2):
 PSYoungGen      total 234496K, used 15340K [0x00000000e0000000, 0x00000000f0300000, 0x0000000100000000)
  eden space 219136K, 0% used [0x00000000e0000000,0x00000000e0000000,0x00000000ed600000)
  from space 15360K, 99% used [0x00000000eeb00000,0x00000000ef9fb3d8,0x00000000efa00000)
  to   space 21504K, 0% used [0x00000000ed600000,0x00000000ed600000,0x00000000eeb00000)
 ParOldGen       total 40960K, used 32191K [0x00000000a0000000, 0x00000000a2800000, 0x00000000e0000000)
  object space 40960K, 78% used [0x00000000a0000000,0x00000000a1f6fd98,0x00000000a2800000)
 Metaspace       used 55922K, capacity 57586K, committed 57856K, reserved 1099776K
  class space    used 7660K, capacity 8105K, committed 8192K, reserved 1048576K
}
Event: 38.826 GC heap before
{Heap before GC invocations=15 (full 2):
 PSYoungGen      total 234496K, used 74704K [0x00000000e0000000, 0x00000000f0300000, 0x0000000100000000)
  eden space 219136K, 27% used [0x00000000e0000000,0x00000000e39f8e50,0x00000000ed600000)
  from space 15360K, 99% used [0x00000000eeb00000,0x00000000ef9fb3d8,0x00000000efa00000)
  to   space 21504K, 0% used [0x00000000ed600000,0x00000000ed600000,0x00000000eeb00000)
 ParOldGen       total 40960K, used 32191K [0x00000000a0000000, 0x00000000a2800000, 0x00000000e0000000)
  object space 40960K, 78% used [0x00000000a0000000,0x00000000a1f6fd98,0x00000000a2800000)
 Metaspace       used 57220K, capacity 58870K, committed 59008K, reserved 1099776K
  class space    used 7800K, capacity 8221K, committed 8320K, reserved 1048576K
Event: 38.869 GC heap after
Heap after GC invocations=15 (full 2):
 PSYoungGen      total 240640K, used 4355K [0x00000000e0000000, 0x00000000f6200000, 0x0000000100000000)
  eden space 219136K, 0% used [0x00000000e0000000,0x00000000e0000000,0x00000000ed600000)
  from space 21504K, 20% used [0x00000000ed600000,0x00000000eda40cc0,0x00000000eeb00000)
  to   space 20992K, 0% used [0x00000000f4d80000,0x00000000f4d80000,0x00000000f6200000)
 ParOldGen       total 42496K, used 41694K [0x00000000a0000000, 0x00000000a2980000, 0x00000000e0000000)
  object space 42496K, 98% used [0x00000000a0000000,0x00000000a28b7990,0x00000000a2980000)
 Metaspace       used 57220K, capacity 58870K, committed 59008K, reserved 1099776K
  class space    used 7800K, capacity 8221K, committed 8320K, reserved 1048576K
}
Event: 38.869 GC heap before
{Heap before GC invocations=16 (full 3):
 PSYoungGen      total 240640K, used 4355K [0x00000000e0000000, 0x00000000f6200000, 0x0000000100000000)
  eden space 219136K, 0% used [0x00000000e0000000,0x00000000e0000000,0x00000000ed600000)
  from space 21504K, 20% used [0x00000000ed600000,0x00000000eda40cc0,0x00000000eeb00000)
  to   space 20992K, 0% used [0x00000000f4d80000,0x00000000f4d80000,0x00000000f6200000)
 ParOldGen       total 42496K, used 41694K [0x00000000a0000000, 0x00000000a2980000, 0x00000000e0000000)
  object space 42496K, 98% used [0x00000000a0000000,0x00000000a28b7990,0x00000000a2980000)
 Metaspace       used 57220K, capacity 58870K, committed 59008K, reserved 1099776K
  class space    used 7800K, capacity 8221K, committed 8320K, reserved 1048576K
Event: 39.327 GC heap after
Heap after GC invocations=16 (full 3):
 PSYoungGen      total 240640K, used 0K [0x00000000e0000000, 0x00000000f6200000, 0x0000000100000000)
  eden space 219136K, 0% used [0x00000000e0000000,0x00000000e0000000,0x00000000ed600000)
  from space 21504K, 0% used [0x00000000ed600000,0x00000000ed600000,0x00000000eeb00000)
  to   space 20992K, 0% used [0x00000000f4d80000,0x00000000f4d80000,0x00000000f6200000)
 ParOldGen       total 74240K, used 37192K [0x00000000a0000000, 0x00000000a4880000, 0x00000000e0000000)
  object space 74240K, 50% used [0x00000000a0000000,0x00000000a24522b8,0x00000000a4880000)
 Metaspace       used 57220K, capacity 58870K, committed 59008K, reserved 1099776K
  class space    used 7800K, capacity 8221K, committed 8320K, reserved 1048576K
}
Event: 69.410 GC heap before
{Heap before GC invocations=17 (full 3):
 PSYoungGen      total 240640K, used 219136K [0x00000000e0000000, 0x00000000f6200000, 0x0000000100000000)
  eden space 219136K, 100% used [0x00000000e0000000,0x00000000ed600000,0x00000000ed600000)
  from space 21504K, 0% used [0x00000000ed600000,0x00000000ed600000,0x00000000eeb00000)
  to   space 20992K, 0% used [0x00000000f4d80000,0x00000000f4d80000,0x00000000f6200000)
 ParOldGen       total 74240K, used 37192K [0x00000000a0000000, 0x00000000a4880000, 0x00000000e0000000)
  object space 74240K, 50% used [0x00000000a0000000,0x00000000a24522b8,0x00000000a4880000)
 Metaspace       used 60201K, capacity 61986K, committed 62080K, reserved 1103872K
  class space    used 8095K, capacity 8567K, committed 8576K, reserved 1048576K
Event: 69.452 GC heap after
Heap after GC invocations=17 (full 3):
 PSYoungGen      total 317952K, used 17996K [0x00000000e0000000, 0x00000000f5f80000, 0x0000000100000000)
  eden space 299520K, 0% used [0x00000000e0000000,0x00000000e0000000,0x00000000f2480000)
  from space 18432K, 97% used [0x00000000f4d80000,0x00000000f5f13110,0x00000000f5f80000)
  to   space 23040K, 0% used [0x00000000f3280000,0x00000000f3280000,0x00000000f4900000)
 ParOldGen       total 74240K, used 37200K [0x00000000a0000000, 0x00000000a4880000, 0x00000000e0000000)
  object space 74240K, 50% used [0x00000000a0000000,0x00000000a24542b8,0x00000000a4880000)
 Metaspace       used 60201K, capacity 61986K, committed 62080K, reserved 1103872K
  class space    used 8095K, capacity 8567K, committed 8576K, reserved 1048576K
}

