# JRE version: OpenJDK Runtime Environment (8.0_152-b01) (build 1.8.0_152-release-1343-b01)
# Java VM: OpenJDK 64-Bit Server VM (25.152-b01 mixed mode windows-amd64 compressed oops)
Heap:
 PSYoungGen      total 294912K, used 16491K [0x00000000e0000000, 0x00000000f6d80000, 0x0000000100000000)
  eden space 271360K, 6% used [0x00000000e0000000,0x00000000e101afa0,0x00000000f0900000)
  from space 23552K, 0% used [0x00000000f0900000,0x00000000f0900000,0x00000000f2000000)
  to   space 33280K, 0% used [0x00000000f4d00000,0x00000000f4d00000,0x00000000f6d80000)
 ParOldGen       total 89600K, used 82432K [0x00000000a0000000, 0x00000000a5780000, 0x00000000e0000000)
  object space 89600K, 92% used [0x00000000a0000000,0x00000000a5080338,0x00000000a5780000)
 Metaspace       used 82877K, capacity 85982K, committed 86272K, reserved 1124352K
  class space    used 10543K, capacity 11207K, committed 11264K, reserved 1048576K
GC Heap History (10 events):
Event: 167.366 GC heap before
{Heap before GC invocations=21 (full 3):
 PSYoungGen      total 254464K, used 234701K [0x00000000e0000000, 0x00000000f2600000, 0x0000000100000000)
  eden space 232448K, 100% used [0x00000000e0000000,0x00000000ee300000,0x00000000ee300000)
  from space 22016K, 10% used [0x00000000ee300000,0x00000000ee533710,0x00000000ef880000)
  to   space 22528K, 0% used [0x00000000f1000000,0x00000000f1000000,0x00000000f2600000)
 ParOldGen       total 89600K, used 67889K [0x00000000a0000000, 0x00000000a5780000, 0x00000000e0000000)
  object space 89600K, 75% used [0x00000000a0000000,0x00000000a424c560,0x00000000a5780000)
 Metaspace       used 72795K, capacity 75354K, committed 75648K, reserved 1114112K
  class space    used 9408K, capacity 10009K, committed 10112K, reserved 1048576K
Event: 167.381 GC heap after
Heap after GC invocations=21 (full 3):
 PSYoungGen      total 267264K, used 6691K [0x00000000e0000000, 0x00000000f1f80000, 0x0000000100000000)
  eden space 251392K, 0% used [0x00000000e0000000,0x00000000e0000000,0x00000000ef580000)
  from space 15872K, 42% used [0x00000000f1000000,0x00000000f1688e90,0x00000000f1f80000)
  to   space 21504K, 0% used [0x00000000ef580000,0x00000000ef580000,0x00000000f0a80000)
 ParOldGen       total 89600K, used 67897K [0x00000000a0000000, 0x00000000a5780000, 0x00000000e0000000)
  object space 89600K, 75% used [0x00000000a0000000,0x00000000a424e560,0x00000000a5780000)
 Metaspace       used 72795K, capacity 75354K, committed 75648K, reserved 1114112K
  class space    used 9408K, capacity 10009K, committed 10112K, reserved 1048576K
}
Event: 179.717 GC heap before
{Heap before GC invocations=22 (full 3):
 PSYoungGen      total 267264K, used 258083K [0x00000000e0000000, 0x00000000f1f80000, 0x0000000100000000)
  eden space 251392K, 100% used [0x00000000e0000000,0x00000000ef580000,0x00000000ef580000)
  from space 15872K, 42% used [0x00000000f1000000,0x00000000f1688e90,0x00000000f1f80000)
  to   space 21504K, 0% used [0x00000000ef580000,0x00000000ef580000,0x00000000f0a80000)
 ParOldGen       total 89600K, used 67897K [0x00000000a0000000, 0x00000000a5780000, 0x00000000e0000000)
  object space 89600K, 75% used [0x00000000a0000000,0x00000000a424e560,0x00000000a5780000)
 Metaspace       used 81195K, capacity 84270K, committed 84352K, reserved 1122304K
  class space    used 10402K, capacity 11063K, committed 11136K, reserved 1048576K
Event: 179.804 GC heap after
Heap after GC invocations=22 (full 3):
 PSYoungGen      total 272896K, used 16032K [0x00000000e0000000, 0x00000000f3680000, 0x0000000100000000)
  eden space 251392K, 0% used [0x00000000e0000000,0x00000000e0000000,0x00000000ef580000)
  from space 21504K, 74% used [0x00000000ef580000,0x00000000f0528170,0x00000000f0a80000)
  to   space 23040K, 0% used [0x00000000f2000000,0x00000000f2000000,0x00000000f3680000)
 ParOldGen       total 89600K, used 67905K [0x00000000a0000000, 0x00000000a5780000, 0x00000000e0000000)
  object space 89600K, 75% used [0x00000000a0000000,0x00000000a4250560,0x00000000a5780000)
 Metaspace       used 81195K, capacity 84270K, committed 84352K, reserved 1122304K
  class space    used 10402K, capacity 11063K, committed 11136K, reserved 1048576K
}
Event: 184.695 GC heap before
{Heap before GC invocations=23 (full 3):
 PSYoungGen      total 272896K, used 267424K [0x00000000e0000000, 0x00000000f3680000, 0x0000000100000000)
  eden space 251392K, 100% used [0x00000000e0000000,0x00000000ef580000,0x00000000ef580000)
  from space 21504K, 74% used [0x00000000ef580000,0x00000000f0528170,0x00000000f0a80000)
  to   space 23040K, 0% used [0x00000000f2000000,0x00000000f2000000,0x00000000f3680000)
 ParOldGen       total 89600K, used 67905K [0x00000000a0000000, 0x00000000a5780000, 0x00000000e0000000)
  object space 89600K, 75% used [0x00000000a0000000,0x00000000a4250560,0x00000000a5780000)
 Metaspace       used 82054K, capacity 85158K, committed 85504K, reserved 1124352K
  class space    used 10472K, capacity 11139K, committed 11264K, reserved 1048576K
Event: 184.725 GC heap after
Heap after GC invocations=23 (full 3):
 PSYoungGen      total 294400K, used 14437K [0x00000000e0000000, 0x00000000f3700000, 0x0000000100000000)
  eden space 271360K, 0% used [0x00000000e0000000,0x00000000e0000000,0x00000000f0900000)
  from space 23040K, 62% used [0x00000000f2000000,0x00000000f2e19568,0x00000000f3680000)
  to   space 23552K, 0% used [0x00000000f0900000,0x00000000f0900000,0x00000000f2000000)
 ParOldGen       total 89600K, used 67913K [0x00000000a0000000, 0x00000000a5780000, 0x00000000e0000000)
  object space 89600K, 75% used [0x00000000a0000000,0x00000000a4252560,0x00000000a5780000)
 Metaspace       used 82054K, capacity 85158K, committed 85504K, reserved 1124352K
  class space    used 10472K, capacity 11139K, committed 11264K, reserved 1048576K
}
Event: 189.103 GC heap before
{Heap before GC invocations=24 (full 3):
 PSYoungGen      total 294400K, used 285797K [0x00000000e0000000, 0x00000000f3700000, 0x0000000100000000)
  eden space 271360K, 100% used [0x00000000e0000000,0x00000000f0900000,0x00000000f0900000)
  from space 23040K, 62% used [0x00000000f2000000,0x00000000f2e19568,0x00000000f3680000)
  to   space 23552K, 0% used [0x00000000f0900000,0x00000000f0900000,0x00000000f2000000)
 ParOldGen       total 89600K, used 67913K [0x00000000a0000000, 0x00000000a5780000, 0x00000000e0000000)
  object space 89600K, 75% used [0x00000000a0000000,0x00000000a4252560,0x00000000a5780000)
 Metaspace       used 82898K, capacity 86036K, committed 86272K, reserved 1124352K
  class space    used 10551K, capacity 11220K, committed 11264K, reserved 1048576K
Event: 189.259 GC heap after
Heap after GC invocations=24 (full 3):
 PSYoungGen      total 294912K, used 23527K [0x00000000e0000000, 0x00000000f6d80000, 0x0000000100000000)
  eden space 271360K, 0% used [0x00000000e0000000,0x00000000e0000000,0x00000000f0900000)
  from space 23552K, 99% used [0x00000000f0900000,0x00000000f1ff9f38,0x00000000f2000000)
  to   space 33280K, 0% used [0x00000000f4d00000,0x00000000f4d00000,0x00000000f6d80000)
 ParOldGen       total 89600K, used 84785K [0x00000000a0000000, 0x00000000a5780000, 0x00000000e0000000)
  object space 89600K, 94% used [0x00000000a0000000,0x00000000a52cc650,0x00000000a5780000)
 Metaspace       used 82898K, capacity 86036K, committed 86272K, reserved 1124352K
  class space    used 10551K, capacity 11220K, committed 11264K, reserved 1048576K
}
Event: 189.259 GC heap before
{Heap before GC invocations=25 (full 4):
 PSYoungGen      total 294912K, used 23527K [0x00000000e0000000, 0x00000000f6d80000, 0x0000000100000000)
  eden space 271360K, 0% used [0x00000000e0000000,0x00000000e0000000,0x00000000f0900000)
  from space 23552K, 99% used [0x00000000f0900000,0x00000000f1ff9f38,0x00000000f2000000)
  to   space 33280K, 0% used [0x00000000f4d00000,0x00000000f4d00000,0x00000000f6d80000)
 ParOldGen       total 89600K, used 84785K [0x00000000a0000000, 0x00000000a5780000, 0x00000000e0000000)
  object space 89600K, 94% used [0x00000000a0000000,0x00000000a52cc650,0x00000000a5780000)
 Metaspace       used 82898K, capacity 86036K, committed 86272K, reserved 1124352K
  class space    used 10551K, capacity 11220K, committed 11264K, reserved 1048576K
Event: 189.919 GC heap after
Heap after GC invocations=25 (full 4):
 PSYoungGen      total 294912K, used 0K [0x00000000e0000000, 0x00000000f6d80000, 0x0000000100000000)
  eden space 271360K, 0% used [0x00000000e0000000,0x00000000e0000000,0x00000000f0900000)
  from space 23552K, 0% used [0x00000000f0900000,0x00000000f0900000,0x00000000f2000000)
  to   space 33280K, 0% used [0x00000000f4d00000,0x00000000f4d00000,0x00000000f6d80000)
 ParOldGen       total 89600K, used 82432K [0x00000000a0000000, 0x00000000a5780000, 0x00000000e0000000)
  object space 89600K, 92% used [0x00000000a0000000,0x00000000a5080338,0x00000000a5780000)
 Metaspace       used 82877K, capacity 85982K, committed 86272K, reserved 1124352K
  class space    used 10543K, capacity 11207K, committed 11264K, reserved 1048576K
}

