# JRE version: OpenJDK Runtime Environment (8.0_152-b01) (build 1.8.0_152-release-1343-b01)
# Java VM: OpenJDK 64-Bit Server VM (25.152-b01 mixed mode windows-amd64 compressed oops)
Heap:
 PSYoungGen      total 336384K, used 204820K [0x00000000e0000000, 0x00000000f6600000, 0x0000000100000000)
  eden space 315392K, 58% used [0x00000000e0000000,0x00000000eb38a380,0x00000000f3400000)
  from space 20992K, 99% used [0x00000000f5180000,0x00000000f65fad10,0x00000000f6600000)
  to   space 24064K, 0% used [0x00000000f3700000,0x00000000f3700000,0x00000000f4e80000)
 ParOldGen       total 98816K, used 72816K [0x00000000a0000000, 0x00000000a6080000, 0x00000000e0000000)
  object space 98816K, 73% used [0x00000000a0000000,0x00000000a471c360,0x00000000a6080000)
 Metaspace       used 76040K, capacity 78500K, committed 78592K, reserved 1118208K
  class space    used 9902K, capacity 10476K, committed 10496K, reserved 1048576K
GC Heap History (10 events):
Event: 64.806 GC heap before
{Heap before GC invocations=16 (full 3):
 PSYoungGen      total 247296K, used 231936K [0x00000000e0000000, 0x00000000f1000000, 0x0000000100000000)
  eden space 231936K, 100% used [0x00000000e0000000,0x00000000ee280000,0x00000000ee280000)
  from space 15360K, 0% used [0x00000000ef800000,0x00000000ef800000,0x00000000f0700000)
  to   space 22016K, 0% used [0x00000000ee280000,0x00000000ee280000,0x00000000ef800000)
 ParOldGen       total 74752K, used 39695K [0x00000000a0000000, 0x00000000a4900000, 0x00000000e0000000)
  object space 74752K, 53% used [0x00000000a0000000,0x00000000a26c3cb0,0x00000000a4900000)
 Metaspace       used 60016K, capacity 61774K, committed 62080K, reserved 1103872K
  class space    used 8075K, capacity 8499K, committed 8576K, reserved 1048576K
Event: 64.827 GC heap after
Heap after GC invocations=16 (full 3):
 PSYoungGen      total 253952K, used 7822K [0x00000000e0000000, 0x00000000f6600000, 0x0000000100000000)
  eden space 231936K, 0% used [0x00000000e0000000,0x00000000e0000000,0x00000000ee280000)
  from space 22016K, 35% used [0x00000000ee280000,0x00000000eea23a28,0x00000000ef800000)
  to   space 20992K, 0% used [0x00000000f5180000,0x00000000f5180000,0x00000000f6600000)
 ParOldGen       total 74752K, used 39703K [0x00000000a0000000, 0x00000000a4900000, 0x00000000e0000000)
  object space 74752K, 53% used [0x00000000a0000000,0x00000000a26c5cb0,0x00000000a4900000)
 Metaspace       used 60016K, capacity 61774K, committed 62080K, reserved 1103872K
  class space    used 8075K, capacity 8499K, committed 8576K, reserved 1048576K
}
Event: 112.076 GC heap before
{Heap before GC invocations=17 (full 3):
 PSYoungGen      total 253952K, used 239758K [0x00000000e0000000, 0x00000000f6600000, 0x0000000100000000)
  eden space 231936K, 100% used [0x00000000e0000000,0x00000000ee280000,0x00000000ee280000)
  from space 22016K, 35% used [0x00000000ee280000,0x00000000eea23a28,0x00000000ef800000)
  to   space 20992K, 0% used [0x00000000f5180000,0x00000000f5180000,0x00000000f6600000)
 ParOldGen       total 74752K, used 39710K [0x00000000a0000000, 0x00000000a4900000, 0x00000000e0000000)
  object space 74752K, 53% used [0x00000000a0000000,0x00000000a26c7818,0x00000000a4900000)
 Metaspace       used 74195K, capacity 76592K, committed 76672K, reserved 1116160K
  class space    used 9737K, capacity 10296K, committed 10368K, reserved 1048576K
Event: 112.135 GC heap after
Heap after GC invocations=17 (full 3):
 PSYoungGen      total 336384K, used 20750K [0x00000000e0000000, 0x00000000f6600000, 0x0000000100000000)
  eden space 315392K, 0% used [0x00000000e0000000,0x00000000e0000000,0x00000000f3400000)
  from space 20992K, 98% used [0x00000000f5180000,0x00000000f65c3a08,0x00000000f6600000)
  to   space 24064K, 0% used [0x00000000f3700000,0x00000000f3700000,0x00000000f4e80000)
 ParOldGen       total 74752K, used 43291K [0x00000000a0000000, 0x00000000a4900000, 0x00000000e0000000)
  object space 74752K, 57% used [0x00000000a0000000,0x00000000a2a46da8,0x00000000a4900000)
 Metaspace       used 74195K, capacity 76592K, committed 76672K, reserved 1116160K
  class space    used 9737K, capacity 10296K, committed 10368K, reserved 1048576K
}
Event: 112.137 GC heap before
{Heap before GC invocations=18 (full 3):
 PSYoungGen      total 336384K, used 21491K [0x00000000e0000000, 0x00000000f6600000, 0x0000000100000000)
  eden space 315392K, 0% used [0x00000000e0000000,0x00000000e00b9480,0x00000000f3400000)
  from space 20992K, 98% used [0x00000000f5180000,0x00000000f65c3a08,0x00000000f6600000)
  to   space 24064K, 0% used [0x00000000f3700000,0x00000000f3700000,0x00000000f4e80000)
 ParOldGen       total 74752K, used 43291K [0x00000000a0000000, 0x00000000a4900000, 0x00000000e0000000)
  object space 74752K, 57% used [0x00000000a0000000,0x00000000a2a46da8,0x00000000a4900000)
 Metaspace       used 74198K, capacity 76592K, committed 76672K, reserved 1116160K
  class space    used 9737K, capacity 10296K, committed 10368K, reserved 1048576K
Event: 112.168 GC heap after
Heap after GC invocations=18 (full 3):
 PSYoungGen      total 339456K, used 32K [0x00000000e0000000, 0x00000000f6600000, 0x0000000100000000)
  eden space 315392K, 0% used [0x00000000e0000000,0x00000000e0000000,0x00000000f3400000)
  from space 24064K, 0% used [0x00000000f3700000,0x00000000f3708000,0x00000000f4e80000)
  to   space 20992K, 0% used [0x00000000f5180000,0x00000000f5180000,0x00000000f6600000)
 ParOldGen       total 74752K, used 63498K [0x00000000a0000000, 0x00000000a4900000, 0x00000000e0000000)
  object space 74752K, 84% used [0x00000000a0000000,0x00000000a3e02be8,0x00000000a4900000)
 Metaspace       used 74198K, capacity 76592K, committed 76672K, reserved 1116160K
  class space    used 9737K, capacity 10296K, committed 10368K, reserved 1048576K
}
Event: 112.169 GC heap before
{Heap before GC invocations=19 (full 4):
 PSYoungGen      total 339456K, used 32K [0x00000000e0000000, 0x00000000f6600000, 0x0000000100000000)
  eden space 315392K, 0% used [0x00000000e0000000,0x00000000e0000000,0x00000000f3400000)
  from space 24064K, 0% used [0x00000000f3700000,0x00000000f3708000,0x00000000f4e80000)
  to   space 20992K, 0% used [0x00000000f5180000,0x00000000f5180000,0x00000000f6600000)
 ParOldGen       total 74752K, used 63498K [0x00000000a0000000, 0x00000000a4900000, 0x00000000e0000000)
  object space 74752K, 84% used [0x00000000a0000000,0x00000000a3e02be8,0x00000000a4900000)
 Metaspace       used 74198K, capacity 76592K, committed 76672K, reserved 1116160K
  class space    used 9737K, capacity 10296K, committed 10368K, reserved 1048576K
Event: 112.532 GC heap after
Heap after GC invocations=19 (full 4):
 PSYoungGen      total 339456K, used 0K [0x00000000e0000000, 0x00000000f6600000, 0x0000000100000000)
  eden space 315392K, 0% used [0x00000000e0000000,0x00000000e0000000,0x00000000f3400000)
  from space 24064K, 0% used [0x00000000f3700000,0x00000000f3700000,0x00000000f4e80000)
  to   space 20992K, 0% used [0x00000000f5180000,0x00000000f5180000,0x00000000f6600000)
 ParOldGen       total 98816K, used 57111K [0x00000000a0000000, 0x00000000a6080000, 0x00000000e0000000)
  object space 98816K, 57% used [0x00000000a0000000,0x00000000a37c5c38,0x00000000a6080000)
 Metaspace       used 74105K, capacity 76358K, committed 76672K, reserved 1116160K
  class space    used 9704K, capacity 10239K, committed 10368K, reserved 1048576K
}
Event: 118.055 GC heap before
{Heap before GC invocations=20 (full 4):
 PSYoungGen      total 339456K, used 312633K [0x00000000e0000000, 0x00000000f6600000, 0x0000000100000000)
  eden space 315392K, 99% used [0x00000000e0000000,0x00000000f314e630,0x00000000f3400000)
  from space 24064K, 0% used [0x00000000f3700000,0x00000000f3700000,0x00000000f4e80000)
  to   space 20992K, 0% used [0x00000000f5180000,0x00000000f5180000,0x00000000f6600000)
 ParOldGen       total 98816K, used 57111K [0x00000000a0000000, 0x00000000a6080000, 0x00000000e0000000)
  object space 98816K, 57% used [0x00000000a0000000,0x00000000a37c5c38,0x00000000a6080000)
 Metaspace       used 75903K, capacity 78402K, committed 78592K, reserved 1118208K
  class space    used 9896K, capacity 10469K, committed 10496K, reserved 1048576K
Event: 118.160 GC heap after
Heap after GC invocations=20 (full 4):
 PSYoungGen      total 336384K, used 20971K [0x00000000e0000000, 0x00000000f6600000, 0x0000000100000000)
  eden space 315392K, 0% used [0x00000000e0000000,0x00000000e0000000,0x00000000f3400000)
  from space 20992K, 99% used [0x00000000f5180000,0x00000000f65fad10,0x00000000f6600000)
  to   space 24064K, 0% used [0x00000000f3700000,0x00000000f3700000,0x00000000f4e80000)
 ParOldGen       total 98816K, used 72816K [0x00000000a0000000, 0x00000000a6080000, 0x00000000e0000000)
  object space 98816K, 73% used [0x00000000a0000000,0x00000000a471c360,0x00000000a6080000)
 Metaspace       used 75903K, capacity 78402K, committed 78592K, reserved 1118208K
  class space    used 9896K, capacity 10469K, committed 10496K, reserved 1048576K
}

